2023-11-23 09:15:32 [192.168.150.1][-][-][error][yii\web\HttpException:404] exception 'yii\base\InvalidRouteException' with message 'Unable to resolve the request "fonts/glyphicons-halflings-regular.svg".' in C:\xampp\htdocs\inlislite3\vendor\yiisoft\yii2\base\Module.php:460
Stack trace:
#0 C:\xampp\htdocs\inlislite3\vendor\yiisoft\yii2\web\Application.php(84): yii\base\Module->runAction('fonts/glyphicon...', Array)
#1 C:\xampp\htdocs\inlislite3\vendor\yiisoft\yii2\base\Application.php(375): yii\web\Application->handleRequest(Object(yii\web\Request))
#2 C:\xampp\htdocs\inlislite3\guestbook\web\index.php(18): yii\base\Application->run()
#3 {main}

Next exception 'yii\web\NotFoundHttpException' with message 'Halaman tidak ditemukan.' in C:\xampp\htdocs\inlislite3\vendor\yiisoft\yii2\web\Application.php:96
Stack trace:
#0 C:\xampp\htdocs\inlislite3\vendor\yiisoft\yii2\base\Application.php(375): yii\web\Application->handleRequest(Object(yii\web\Request))
#1 C:\xampp\htdocs\inlislite3\guestbook\web\index.php(18): yii\base\Application->run()
#2 {main}
2023-11-23 09:15:32 [192.168.150.1][-][-][info][application] $_SERVER = [
    'REDIRECT_MIBDIRS' => 'C:/xampp/php/extras/mibs'
    'REDIRECT_MYSQL_HOME' => '\\xampp\\mysql\\bin'
    'REDIRECT_OPENSSL_CONF' => 'C:/xampp/apache/bin/openssl.cnf'
    'REDIRECT_PHP_PEAR_SYSCONF_DIR' => '\\xampp\\php'
    'REDIRECT_PHPRC' => '\\xampp\\php'
    'REDIRECT_TMP' => '\\xampp\\tmp'
    'REDIRECT_STATUS' => '200'
    'MIBDIRS' => 'C:/xampp/php/extras/mibs'
    'MYSQL_HOME' => '\\xampp\\mysql\\bin'
    'OPENSSL_CONF' => 'C:/xampp/apache/bin/openssl.cnf'
    'PHP_PEAR_SYSCONF_DIR' => '\\xampp\\php'
    'PHPRC' => '\\xampp\\php'
    'TMP' => '\\xampp\\tmp'
    'HTTP_HOST' => 'otomasiperpus.smknegeri1garut.sch.id'
    'HTTP_SAVE_DATA' => 'on'
    'HTTP_ACCEPT_ENCODING' => 'gzip, deflate'
    'HTTP_X_FORWARDED_FOR' => '114.5.253.70'
    'HTTP_REFERER' => 'http://otomasiperpus.smknegeri1garut.sch.id/inlislite3/guestbook/web/css/bootstrap.css'
    'HTTP_ACCEPT' => 'text/html,application/xhtml+xml,application/xml;q=0.9,image/webp,image/apng,*/*;q=0.8,application/signed-exchange;v=b3;q=0.9'
    'HTTP_ACCEPT_LANGUAGE' => 'id-ID,id;q=0.9,ja-JP;q=0.8,ja;q=0.7,ko-KR;q=0.6,ko;q=0.5,en-US;q=0.4,en;q=0.3'
    'HTTP_USER_AGENT' => 'Mozilla/5.0 (Linux; U; Android 11; SM-A107F Build/RP1A.200720.012; wv) AppleWebKit/537.36 (KHTML, like Gecko) Version/4.0 Chrome/87.0.4280.141 Mobile Safari/537.36 OPR/71.0.2254.67050'
    'PATH' => 'C:\\Program Files (x86)\\Common Files\\Intel\\Shared Files\\cpp\\bin\\Intel64;C:\\WINDOWS\\system32;C:\\WINDOWS;C:\\WINDOWS\\System32\\Wbem;C:\\WINDOWS\\System32\\WindowsPowerShell\\v1.0\\;C:\\WINDOWS\\System32\\OpenSSH\\;C:\\Program Files\\PuTTY\\;C:\\eRaporSMK2018\\php;C:\\Program Files (x86)\\Microsoft SQL Server\\100\\Tools\\Binn\\;C:\\Program Files\\Microsoft SQL Server\\100\\Tools\\Binn\\;C:\\Program Files\\Microsoft SQL Server\\100\\DTS\\Binn\\;C:\\composer;C:\\Program Files\\Git\\cmd;C:\\Users\\HP\\.jdks\\corretto-17.0.7\\bin;C:\\Users\\HP\\AppData\\Local\\Microsoft\\WindowsApps;C:\\Users\\HP\\AppData\\Local\\Programs\\Microsoft VS Code\\bin;C:\\Users\\HP\\AppData\\Roaming\\Composer\\vendor\\bin;C:\\Users\\HP\\AppData\\Local\\JetBrains\\Toolbox\\scripts'
    'SystemRoot' => 'C:\\WINDOWS'
    'COMSPEC' => 'C:\\WINDOWS\\system32\\cmd.exe'
    'PATHEXT' => '.COM;.EXE;.BAT;.CMD;.VBS;.VBE;.JS;.JSE;.WSF;.WSH;.MSC'
    'WINDIR' => 'C:\\WINDOWS'
    'SERVER_SIGNATURE' => '<address>Apache/2.4.23 (Win32) OpenSSL/1.0.2h PHP/5.6.24 Server at otomasiperpus.smknegeri1garut.sch.id Port 80</address>
'
    'SERVER_SOFTWARE' => 'Apache/2.4.23 (Win32) OpenSSL/1.0.2h PHP/5.6.24'
    'SERVER_NAME' => 'otomasiperpus.smknegeri1garut.sch.id'
    'SERVER_ADDR' => '192.168.150.121'
    'SERVER_PORT' => '80'
    'REMOTE_ADDR' => '192.168.150.1'
    'DOCUMENT_ROOT' => 'C:/xampp/htdocs'
    'REQUEST_SCHEME' => 'http'
    'CONTEXT_PREFIX' => ''
    'CONTEXT_DOCUMENT_ROOT' => 'C:/xampp/htdocs'
    'SERVER_ADMIN' => 'postmaster@localhost'
    'SCRIPT_FILENAME' => 'C:/xampp/htdocs/inlislite3/guestbook/web/index.php'
    'REMOTE_PORT' => '54642'
    'REDIRECT_URL' => '/inlislite3/guestbook/web/fonts/glyphicons-halflings-regular.svg'
    'GATEWAY_INTERFACE' => 'CGI/1.1'
    'SERVER_PROTOCOL' => 'HTTP/1.1'
    'REQUEST_METHOD' => 'GET'
    'QUERY_STRING' => ''
    'REQUEST_URI' => '/inlislite3/guestbook/web/fonts/glyphicons-halflings-regular.svg'
    'SCRIPT_NAME' => '/inlislite3/guestbook/web/index.php'
    'PHP_SELF' => '/inlislite3/guestbook/web/index.php'
    'REQUEST_TIME_FLOAT' => 1700705732.447
    'REQUEST_TIME' => 1700705732
]
2023-11-23 09:15:32 [192.168.150.1][-][-][error][yii\web\HttpException:404] exception 'yii\base\InvalidRouteException' with message 'Unable to resolve the request "img/boxed-bg.jpg".' in C:\xampp\htdocs\inlislite3\vendor\yiisoft\yii2\base\Module.php:460
Stack trace:
#0 C:\xampp\htdocs\inlislite3\vendor\yiisoft\yii2\web\Application.php(84): yii\base\Module->runAction('img/boxed-bg.jp...', Array)
#1 C:\xampp\htdocs\inlislite3\vendor\yiisoft\yii2\base\Application.php(375): yii\web\Application->handleRequest(Object(yii\web\Request))
#2 C:\xampp\htdocs\inlislite3\guestbook\web\index.php(18): yii\base\Application->run()
#3 {main}

Next exception 'yii\web\NotFoundHttpException' with message 'Halaman tidak ditemukan.' in C:\xampp\htdocs\inlislite3\vendor\yiisoft\yii2\web\Application.php:96
Stack trace:
#0 C:\xampp\htdocs\inlislite3\vendor\yiisoft\yii2\base\Application.php(375): yii\web\Application->handleRequest(Object(yii\web\Request))
#1 C:\xampp\htdocs\inlislite3\guestbook\web\index.php(18): yii\base\Application->run()
#2 {main}
2023-11-23 09:15:32 [192.168.150.1][-][-][info][application] $_SERVER = [
    'REDIRECT_MIBDIRS' => 'C:/xampp/php/extras/mibs'
    'REDIRECT_MYSQL_HOME' => '\\xampp\\mysql\\bin'
    'REDIRECT_OPENSSL_CONF' => 'C:/xampp/apache/bin/openssl.cnf'
    'REDIRECT_PHP_PEAR_SYSCONF_DIR' => '\\xampp\\php'
    'REDIRECT_PHPRC' => '\\xampp\\php'
    'REDIRECT_TMP' => '\\xampp\\tmp'
    'REDIRECT_STATUS' => '200'
    'MIBDIRS' => 'C:/xampp/php/extras/mibs'
    'MYSQL_HOME' => '\\xampp\\mysql\\bin'
    'OPENSSL_CONF' => 'C:/xampp/apache/bin/openssl.cnf'
    'PHP_PEAR_SYSCONF_DIR' => '\\xampp\\php'
    'PHPRC' => '\\xampp\\php'
    'TMP' => '\\xampp\\tmp'
    'HTTP_HOST' => 'otomasiperpus.smknegeri1garut.sch.id'
    'HTTP_SAVE_DATA' => 'on'
    'HTTP_ACCEPT_ENCODING' => 'gzip, deflate'
    'HTTP_X_FORWARDED_FOR' => '114.5.253.70'
    'HTTP_REFERER' => 'http://otomasiperpus.smknegeri1garut.sch.id/inlislite3/guestbook/web/css/AdminLTE.css'
    'HTTP_ACCEPT' => 'text/html,application/xhtml+xml,application/xml;q=0.9,image/webp,image/apng,*/*;q=0.8,application/signed-exchange;v=b3;q=0.9'
    'HTTP_ACCEPT_LANGUAGE' => 'id-ID,id;q=0.9,ja-JP;q=0.8,ja;q=0.7,ko-KR;q=0.6,ko;q=0.5,en-US;q=0.4,en;q=0.3'
    'HTTP_USER_AGENT' => 'Mozilla/5.0 (Linux; U; Android 11; SM-A107F Build/RP1A.200720.012; wv) AppleWebKit/537.36 (KHTML, like Gecko) Version/4.0 Chrome/87.0.4280.141 Mobile Safari/537.36 OPR/71.0.2254.67050'
    'PATH' => 'C:\\Program Files (x86)\\Common Files\\Intel\\Shared Files\\cpp\\bin\\Intel64;C:\\WINDOWS\\system32;C:\\WINDOWS;C:\\WINDOWS\\System32\\Wbem;C:\\WINDOWS\\System32\\WindowsPowerShell\\v1.0\\;C:\\WINDOWS\\System32\\OpenSSH\\;C:\\Program Files\\PuTTY\\;C:\\eRaporSMK2018\\php;C:\\Program Files (x86)\\Microsoft SQL Server\\100\\Tools\\Binn\\;C:\\Program Files\\Microsoft SQL Server\\100\\Tools\\Binn\\;C:\\Program Files\\Microsoft SQL Server\\100\\DTS\\Binn\\;C:\\composer;C:\\Program Files\\Git\\cmd;C:\\Users\\HP\\.jdks\\corretto-17.0.7\\bin;C:\\Users\\HP\\AppData\\Local\\Microsoft\\WindowsApps;C:\\Users\\HP\\AppData\\Local\\Programs\\Microsoft VS Code\\bin;C:\\Users\\HP\\AppData\\Roaming\\Composer\\vendor\\bin;C:\\Users\\HP\\AppData\\Local\\JetBrains\\Toolbox\\scripts'
    'SystemRoot' => 'C:\\WINDOWS'
    'COMSPEC' => 'C:\\WINDOWS\\system32\\cmd.exe'
    'PATHEXT' => '.COM;.EXE;.BAT;.CMD;.VBS;.VBE;.JS;.JSE;.WSF;.WSH;.MSC'
    'WINDIR' => 'C:\\WINDOWS'
    'SERVER_SIGNATURE' => '<address>Apache/2.4.23 (Win32) OpenSSL/1.0.2h PHP/5.6.24 Server at otomasiperpus.smknegeri1garut.sch.id Port 80</address>
'
    'SERVER_SOFTWARE' => 'Apache/2.4.23 (Win32) OpenSSL/1.0.2h PHP/5.6.24'
    'SERVER_NAME' => 'otomasiperpus.smknegeri1garut.sch.id'
    'SERVER_ADDR' => '192.168.150.121'
    'SERVER_PORT' => '80'
    'REMOTE_ADDR' => '192.168.150.1'
    'DOCUMENT_ROOT' => 'C:/xampp/htdocs'
    'REQUEST_SCHEME' => 'http'
    'CONTEXT_PREFIX' => ''
    'CONTEXT_DOCUMENT_ROOT' => 'C:/xampp/htdocs'
    'SERVER_ADMIN' => 'postmaster@localhost'
    'SCRIPT_FILENAME' => 'C:/xampp/htdocs/inlislite3/guestbook/web/index.php'
    'REMOTE_PORT' => '54694'
    'REDIRECT_URL' => '/inlislite3/guestbook/web/img/boxed-bg.jpg'
    'GATEWAY_INTERFACE' => 'CGI/1.1'
    'SERVER_PROTOCOL' => 'HTTP/1.1'
    'REQUEST_METHOD' => 'GET'
    'QUERY_STRING' => ''
    'REQUEST_URI' => '/inlislite3/guestbook/web/img/boxed-bg.jpg'
    'SCRIPT_NAME' => '/inlislite3/guestbook/web/index.php'
    'PHP_SELF' => '/inlislite3/guestbook/web/index.php'
    'REQUEST_TIME_FLOAT' => 1700705732.451
    'REQUEST_TIME' => 1700705732
]
2023-11-23 09:15:32 [192.168.150.1][-][-][error][yii\web\HttpException:404] exception 'yii\base\InvalidRouteException' with message 'Unable to resolve the request "fonts/glyphicons-halflings-regular.ttf".' in C:\xampp\htdocs\inlislite3\vendor\yiisoft\yii2\base\Module.php:460
Stack trace:
#0 C:\xampp\htdocs\inlislite3\vendor\yiisoft\yii2\web\Application.php(84): yii\base\Module->runAction('fonts/glyphicon...', Array)
#1 C:\xampp\htdocs\inlislite3\vendor\yiisoft\yii2\base\Application.php(375): yii\web\Application->handleRequest(Object(yii\web\Request))
#2 C:\xampp\htdocs\inlislite3\guestbook\web\index.php(18): yii\base\Application->run()
#3 {main}

Next exception 'yii\web\NotFoundHttpException' with message 'Halaman tidak ditemukan.' in C:\xampp\htdocs\inlislite3\vendor\yiisoft\yii2\web\Application.php:96
Stack trace:
#0 C:\xampp\htdocs\inlislite3\vendor\yiisoft\yii2\base\Application.php(375): yii\web\Application->handleRequest(Object(yii\web\Request))
#1 C:\xampp\htdocs\inlislite3\guestbook\web\index.php(18): yii\base\Application->run()
#2 {main}
2023-11-23 09:15:32 [192.168.150.1][-][-][info][application] $_SERVER = [
    'REDIRECT_MIBDIRS' => 'C:/xampp/php/extras/mibs'
    'REDIRECT_MYSQL_HOME' => '\\xampp\\mysql\\bin'
    'REDIRECT_OPENSSL_CONF' => 'C:/xampp/apache/bin/openssl.cnf'
    'REDIRECT_PHP_PEAR_SYSCONF_DIR' => '\\xampp\\php'
    'REDIRECT_PHPRC' => '\\xampp\\php'
    'REDIRECT_TMP' => '\\xampp\\tmp'
    'REDIRECT_STATUS' => '200'
    'MIBDIRS' => 'C:/xampp/php/extras/mibs'
    'MYSQL_HOME' => '\\xampp\\mysql\\bin'
    'OPENSSL_CONF' => 'C:/xampp/apache/bin/openssl.cnf'
    'PHP_PEAR_SYSCONF_DIR' => '\\xampp\\php'
    'PHPRC' => '\\xampp\\php'
    'TMP' => '\\xampp\\tmp'
    'HTTP_HOST' => 'otomasiperpus.smknegeri1garut.sch.id'
    'HTTP_SAVE_DATA' => 'on'
    'HTTP_ACCEPT_ENCODING' => 'gzip, deflate'
    'HTTP_X_FORWARDED_FOR' => '114.5.253.70'
    'HTTP_REFERER' => 'http://otomasiperpus.smknegeri1garut.sch.id/inlislite3/guestbook/web/css/bootstrap.css'
    'HTTP_ACCEPT' => 'text/html,application/xhtml+xml,application/xml;q=0.9,image/webp,image/apng,*/*;q=0.8,application/signed-exchange;v=b3;q=0.9'
    'HTTP_ACCEPT_LANGUAGE' => 'id-ID,id;q=0.9,ja-JP;q=0.8,ja;q=0.7,ko-KR;q=0.6,ko;q=0.5,en-US;q=0.4,en;q=0.3'
    'HTTP_USER_AGENT' => 'Mozilla/5.0 (Linux; U; Android 11; SM-A107F Build/RP1A.200720.012; wv) AppleWebKit/537.36 (KHTML, like Gecko) Version/4.0 Chrome/87.0.4280.141 Mobile Safari/537.36 OPR/71.0.2254.67050'
    'PATH' => 'C:\\Program Files (x86)\\Common Files\\Intel\\Shared Files\\cpp\\bin\\Intel64;C:\\WINDOWS\\system32;C:\\WINDOWS;C:\\WINDOWS\\System32\\Wbem;C:\\WINDOWS\\System32\\WindowsPowerShell\\v1.0\\;C:\\WINDOWS\\System32\\OpenSSH\\;C:\\Program Files\\PuTTY\\;C:\\eRaporSMK2018\\php;C:\\Program Files (x86)\\Microsoft SQL Server\\100\\Tools\\Binn\\;C:\\Program Files\\Microsoft SQL Server\\100\\Tools\\Binn\\;C:\\Program Files\\Microsoft SQL Server\\100\\DTS\\Binn\\;C:\\composer;C:\\Program Files\\Git\\cmd;C:\\Users\\HP\\.jdks\\corretto-17.0.7\\bin;C:\\Users\\HP\\AppData\\Local\\Microsoft\\WindowsApps;C:\\Users\\HP\\AppData\\Local\\Programs\\Microsoft VS Code\\bin;C:\\Users\\HP\\AppData\\Roaming\\Composer\\vendor\\bin;C:\\Users\\HP\\AppData\\Local\\JetBrains\\Toolbox\\scripts'
    'SystemRoot' => 'C:\\WINDOWS'
    'COMSPEC' => 'C:\\WINDOWS\\system32\\cmd.exe'
    'PATHEXT' => '.COM;.EXE;.BAT;.CMD;.VBS;.VBE;.JS;.JSE;.WSF;.WSH;.MSC'
    'WINDIR' => 'C:\\WINDOWS'
    'SERVER_SIGNATURE' => '<address>Apache/2.4.23 (Win32) OpenSSL/1.0.2h PHP/5.6.24 Server at otomasiperpus.smknegeri1garut.sch.id Port 80</address>
'
    'SERVER_SOFTWARE' => 'Apache/2.4.23 (Win32) OpenSSL/1.0.2h PHP/5.6.24'
    'SERVER_NAME' => 'otomasiperpus.smknegeri1garut.sch.id'
    'SERVER_ADDR' => '192.168.150.121'
    'SERVER_PORT' => '80'
    'REMOTE_ADDR' => '192.168.150.1'
    'DOCUMENT_ROOT' => 'C:/xampp/htdocs'
    'REQUEST_SCHEME' => 'http'
    'CONTEXT_PREFIX' => ''
    'CONTEXT_DOCUMENT_ROOT' => 'C:/xampp/htdocs'
    'SERVER_ADMIN' => 'postmaster@localhost'
    'SCRIPT_FILENAME' => 'C:/xampp/htdocs/inlislite3/guestbook/web/index.php'
    'REMOTE_PORT' => '54634'
    'REDIRECT_URL' => '/inlislite3/guestbook/web/fonts/glyphicons-halflings-regular.ttf'
    'GATEWAY_INTERFACE' => 'CGI/1.1'
    'SERVER_PROTOCOL' => 'HTTP/1.1'
    'REQUEST_METHOD' => 'GET'
    'QUERY_STRING' => ''
    'REQUEST_URI' => '/inlislite3/guestbook/web/fonts/glyphicons-halflings-regular.ttf'
    'SCRIPT_NAME' => '/inlislite3/guestbook/web/index.php'
    'PHP_SELF' => '/inlislite3/guestbook/web/index.php'
    'REQUEST_TIME_FLOAT' => 1700705732.447
    'REQUEST_TIME' => 1700705732
]
2023-11-23 09:15:38 [192.168.150.1][-][-][error][yii\web\HttpException:404] exception 'yii\base\InvalidRouteException' with message 'Unable to resolve the request "img/boxed-bg.jpg".' in C:\xampp\htdocs\inlislite3\vendor\yiisoft\yii2\base\Module.php:460
Stack trace:
#0 C:\xampp\htdocs\inlislite3\vendor\yiisoft\yii2\web\Application.php(84): yii\base\Module->runAction('img/boxed-bg.jp...', Array)
#1 C:\xampp\htdocs\inlislite3\vendor\yiisoft\yii2\base\Application.php(375): yii\web\Application->handleRequest(Object(yii\web\Request))
#2 C:\xampp\htdocs\inlislite3\guestbook\web\index.php(18): yii\base\Application->run()
#3 {main}

Next exception 'yii\web\NotFoundHttpException' with message 'Halaman tidak ditemukan.' in C:\xampp\htdocs\inlislite3\vendor\yiisoft\yii2\web\Application.php:96
Stack trace:
#0 C:\xampp\htdocs\inlislite3\vendor\yiisoft\yii2\base\Application.php(375): yii\web\Application->handleRequest(Object(yii\web\Request))
#1 C:\xampp\htdocs\inlislite3\guestbook\web\index.php(18): yii\base\Application->run()
#2 {main}
2023-11-23 09:15:38 [192.168.150.1][-][-][info][application] $_SERVER = [
    'REDIRECT_MIBDIRS' => 'C:/xampp/php/extras/mibs'
    'REDIRECT_MYSQL_HOME' => '\\xampp\\mysql\\bin'
    'REDIRECT_OPENSSL_CONF' => 'C:/xampp/apache/bin/openssl.cnf'
    'REDIRECT_PHP_PEAR_SYSCONF_DIR' => '\\xampp\\php'
    'REDIRECT_PHPRC' => '\\xampp\\php'
    'REDIRECT_TMP' => '\\xampp\\tmp'
    'REDIRECT_STATUS' => '200'
    'MIBDIRS' => 'C:/xampp/php/extras/mibs'
    'MYSQL_HOME' => '\\xampp\\mysql\\bin'
    'OPENSSL_CONF' => 'C:/xampp/apache/bin/openssl.cnf'
    'PHP_PEAR_SYSCONF_DIR' => '\\xampp\\php'
    'PHPRC' => '\\xampp\\php'
    'TMP' => '\\xampp\\tmp'
    'HTTP_HOST' => 'otomasiperpus.smknegeri1garut.sch.id'
    'HTTP_SAVE_DATA' => 'on'
    'HTTP_ACCEPT_ENCODING' => 'gzip, deflate'
    'HTTP_X_FORWARDED_FOR' => '114.5.253.70'
    'HTTP_REFERER' => 'http://otomasiperpus.smknegeri1garut.sch.id/inlislite3/guestbook/web/css/AdminLTE.css'
    'HTTP_ACCEPT' => 'text/html,application/xhtml+xml,application/xml;q=0.9,image/webp,image/apng,*/*;q=0.8,application/signed-exchange;v=b3;q=0.9'
    'HTTP_ACCEPT_LANGUAGE' => 'id-ID,id;q=0.9,ja-JP;q=0.8,ja;q=0.7,ko-KR;q=0.6,ko;q=0.5,en-US;q=0.4,en;q=0.3'
    'HTTP_USER_AGENT' => 'Mozilla/5.0 (Linux; U; Android 11; SM-A107F Build/RP1A.200720.012; wv) AppleWebKit/537.36 (KHTML, like Gecko) Version/4.0 Chrome/87.0.4280.141 Mobile Safari/537.36 OPR/71.0.2254.67050'
    'PATH' => 'C:\\Program Files (x86)\\Common Files\\Intel\\Shared Files\\cpp\\bin\\Intel64;C:\\WINDOWS\\system32;C:\\WINDOWS;C:\\WINDOWS\\System32\\Wbem;C:\\WINDOWS\\System32\\WindowsPowerShell\\v1.0\\;C:\\WINDOWS\\System32\\OpenSSH\\;C:\\Program Files\\PuTTY\\;C:\\eRaporSMK2018\\php;C:\\Program Files (x86)\\Microsoft SQL Server\\100\\Tools\\Binn\\;C:\\Program Files\\Microsoft SQL Server\\100\\Tools\\Binn\\;C:\\Program Files\\Microsoft SQL Server\\100\\DTS\\Binn\\;C:\\composer;C:\\Program Files\\Git\\cmd;C:\\Users\\HP\\.jdks\\corretto-17.0.7\\bin;C:\\Users\\HP\\AppData\\Local\\Microsoft\\WindowsApps;C:\\Users\\HP\\AppData\\Local\\Programs\\Microsoft VS Code\\bin;C:\\Users\\HP\\AppData\\Roaming\\Composer\\vendor\\bin;C:\\Users\\HP\\AppData\\Local\\JetBrains\\Toolbox\\scripts'
    'SystemRoot' => 'C:\\WINDOWS'
    'COMSPEC' => 'C:\\WINDOWS\\system32\\cmd.exe'
    'PATHEXT' => '.COM;.EXE;.BAT;.CMD;.VBS;.VBE;.JS;.JSE;.WSF;.WSH;.MSC'
    'WINDIR' => 'C:\\WINDOWS'
    'SERVER_SIGNATURE' => '<address>Apache/2.4.23 (Win32) OpenSSL/1.0.2h PHP/5.6.24 Server at otomasiperpus.smknegeri1garut.sch.id Port 80</address>
'
    'SERVER_SOFTWARE' => 'Apache/2.4.23 (Win32) OpenSSL/1.0.2h PHP/5.6.24'
    'SERVER_NAME' => 'otomasiperpus.smknegeri1garut.sch.id'
    'SERVER_ADDR' => '192.168.150.121'
    'SERVER_PORT' => '80'
    'REMOTE_ADDR' => '192.168.150.1'
    'DOCUMENT_ROOT' => 'C:/xampp/htdocs'
    'REQUEST_SCHEME' => 'http'
    'CONTEXT_PREFIX' => ''
    'CONTEXT_DOCUMENT_ROOT' => 'C:/xampp/htdocs'
    'SERVER_ADMIN' => 'postmaster@localhost'
    'SCRIPT_FILENAME' => 'C:/xampp/htdocs/inlislite3/guestbook/web/index.php'
    'REMOTE_PORT' => '54362'
    'REDIRECT_URL' => '/inlislite3/guestbook/web/img/boxed-bg.jpg'
    'GATEWAY_INTERFACE' => 'CGI/1.1'
    'SERVER_PROTOCOL' => 'HTTP/1.1'
    'REQUEST_METHOD' => 'GET'
    'QUERY_STRING' => ''
    'REQUEST_URI' => '/inlislite3/guestbook/web/img/boxed-bg.jpg'
    'SCRIPT_NAME' => '/inlislite3/guestbook/web/index.php'
    'PHP_SELF' => '/inlislite3/guestbook/web/index.php'
    'REQUEST_TIME_FLOAT' => 1700705738.139
    'REQUEST_TIME' => 1700705738
]
2023-11-23 09:15:38 [192.168.150.1][-][-][error][yii\web\HttpException:404] exception 'yii\base\InvalidRouteException' with message 'Unable to resolve the request "fonts/glyphicons-halflings-regular.svg".' in C:\xampp\htdocs\inlislite3\vendor\yiisoft\yii2\base\Module.php:460
Stack trace:
#0 C:\xampp\htdocs\inlislite3\vendor\yiisoft\yii2\web\Application.php(84): yii\base\Module->runAction('fonts/glyphicon...', Array)
#1 C:\xampp\htdocs\inlislite3\vendor\yiisoft\yii2\base\Application.php(375): yii\web\Application->handleRequest(Object(yii\web\Request))
#2 C:\xampp\htdocs\inlislite3\guestbook\web\index.php(18): yii\base\Application->run()
#3 {main}

Next exception 'yii\web\NotFoundHttpException' with message 'Halaman tidak ditemukan.' in C:\xampp\htdocs\inlislite3\vendor\yiisoft\yii2\web\Application.php:96
Stack trace:
#0 C:\xampp\htdocs\inlislite3\vendor\yiisoft\yii2\base\Application.php(375): yii\web\Application->handleRequest(Object(yii\web\Request))
#1 C:\xampp\htdocs\inlislite3\guestbook\web\index.php(18): yii\base\Application->run()
#2 {main}
2023-11-23 09:15:38 [192.168.150.1][-][-][info][application] $_SERVER = [
    'REDIRECT_MIBDIRS' => 'C:/xampp/php/extras/mibs'
    'REDIRECT_MYSQL_HOME' => '\\xampp\\mysql\\bin'
    'REDIRECT_OPENSSL_CONF' => 'C:/xampp/apache/bin/openssl.cnf'
    'REDIRECT_PHP_PEAR_SYSCONF_DIR' => '\\xampp\\php'
    'REDIRECT_PHPRC' => '\\xampp\\php'
    'REDIRECT_TMP' => '\\xampp\\tmp'
    'REDIRECT_STATUS' => '200'
    'MIBDIRS' => 'C:/xampp/php/extras/mibs'
    'MYSQL_HOME' => '\\xampp\\mysql\\bin'
    'OPENSSL_CONF' => 'C:/xampp/apache/bin/openssl.cnf'
    'PHP_PEAR_SYSCONF_DIR' => '\\xampp\\php'
    'PHPRC' => '\\xampp\\php'
    'TMP' => '\\xampp\\tmp'
    'HTTP_HOST' => 'otomasiperpus.smknegeri1garut.sch.id'
    'HTTP_SAVE_DATA' => 'on'
    'HTTP_ACCEPT_ENCODING' => 'gzip, deflate'
    'HTTP_X_FORWARDED_FOR' => '114.5.253.70'
    'HTTP_REFERER' => 'http://otomasiperpus.smknegeri1garut.sch.id/inlislite3/guestbook/web/css/bootstrap.css'
    'HTTP_ACCEPT' => 'text/html,application/xhtml+xml,application/xml;q=0.9,image/webp,image/apng,*/*;q=0.8,application/signed-exchange;v=b3;q=0.9'
    'HTTP_ACCEPT_LANGUAGE' => 'id-ID,id;q=0.9,ja-JP;q=0.8,ja;q=0.7,ko-KR;q=0.6,ko;q=0.5,en-US;q=0.4,en;q=0.3'
    'HTTP_USER_AGENT' => 'Mozilla/5.0 (Linux; U; Android 11; SM-A107F Build/RP1A.200720.012; wv) AppleWebKit/537.36 (KHTML, like Gecko) Version/4.0 Chrome/87.0.4280.141 Mobile Safari/537.36 OPR/71.0.2254.67050'
    'PATH' => 'C:\\Program Files (x86)\\Common Files\\Intel\\Shared Files\\cpp\\bin\\Intel64;C:\\WINDOWS\\system32;C:\\WINDOWS;C:\\WINDOWS\\System32\\Wbem;C:\\WINDOWS\\System32\\WindowsPowerShell\\v1.0\\;C:\\WINDOWS\\System32\\OpenSSH\\;C:\\Program Files\\PuTTY\\;C:\\eRaporSMK2018\\php;C:\\Program Files (x86)\\Microsoft SQL Server\\100\\Tools\\Binn\\;C:\\Program Files\\Microsoft SQL Server\\100\\Tools\\Binn\\;C:\\Program Files\\Microsoft SQL Server\\100\\DTS\\Binn\\;C:\\composer;C:\\Program Files\\Git\\cmd;C:\\Users\\HP\\.jdks\\corretto-17.0.7\\bin;C:\\Users\\HP\\AppData\\Local\\Microsoft\\WindowsApps;C:\\Users\\HP\\AppData\\Local\\Programs\\Microsoft VS Code\\bin;C:\\Users\\HP\\AppData\\Roaming\\Composer\\vendor\\bin;C:\\Users\\HP\\AppData\\Local\\JetBrains\\Toolbox\\scripts'
    'SystemRoot' => 'C:\\WINDOWS'
    'COMSPEC' => 'C:\\WINDOWS\\system32\\cmd.exe'
    'PATHEXT' => '.COM;.EXE;.BAT;.CMD;.VBS;.VBE;.JS;.JSE;.WSF;.WSH;.MSC'
    'WINDIR' => 'C:\\WINDOWS'
    'SERVER_SIGNATURE' => '<address>Apache/2.4.23 (Win32) OpenSSL/1.0.2h PHP/5.6.24 Server at otomasiperpus.smknegeri1garut.sch.id Port 80</address>
'
    'SERVER_SOFTWARE' => 'Apache/2.4.23 (Win32) OpenSSL/1.0.2h PHP/5.6.24'
    'SERVER_NAME' => 'otomasiperpus.smknegeri1garut.sch.id'
    'SERVER_ADDR' => '192.168.150.121'
    'SERVER_PORT' => '80'
    'REMOTE_ADDR' => '192.168.150.1'
    'DOCUMENT_ROOT' => 'C:/xampp/htdocs'
    'REQUEST_SCHEME' => 'http'
    'CONTEXT_PREFIX' => ''
    'CONTEXT_DOCUMENT_ROOT' => 'C:/xampp/htdocs'
    'SERVER_ADMIN' => 'postmaster@localhost'
    'SCRIPT_FILENAME' => 'C:/xampp/htdocs/inlislite3/guestbook/web/index.php'
    'REMOTE_PORT' => '54348'
    'REDIRECT_URL' => '/inlislite3/guestbook/web/fonts/glyphicons-halflings-regular.svg'
    'GATEWAY_INTERFACE' => 'CGI/1.1'
    'SERVER_PROTOCOL' => 'HTTP/1.1'
    'REQUEST_METHOD' => 'GET'
    'QUERY_STRING' => ''
    'REQUEST_URI' => '/inlislite3/guestbook/web/fonts/glyphicons-halflings-regular.svg'
    'SCRIPT_NAME' => '/inlislite3/guestbook/web/index.php'
    'PHP_SELF' => '/inlislite3/guestbook/web/index.php'
    'REQUEST_TIME_FLOAT' => 1700705738.14
    'REQUEST_TIME' => 1700705738
]
2023-11-23 09:15:38 [192.168.150.1][-][-][error][yii\web\HttpException:404] exception 'yii\base\InvalidRouteException' with message 'Unable to resolve the request "fonts/glyphicons-halflings-regular.ttf".' in C:\xampp\htdocs\inlislite3\vendor\yiisoft\yii2\base\Module.php:460
Stack trace:
#0 C:\xampp\htdocs\inlislite3\vendor\yiisoft\yii2\web\Application.php(84): yii\base\Module->runAction('fonts/glyphicon...', Array)
#1 C:\xampp\htdocs\inlislite3\vendor\yiisoft\yii2\base\Application.php(375): yii\web\Application->handleRequest(Object(yii\web\Request))
#2 C:\xampp\htdocs\inlislite3\guestbook\web\index.php(18): yii\base\Application->run()
#3 {main}

Next exception 'yii\web\NotFoundHttpException' with message 'Halaman tidak ditemukan.' in C:\xampp\htdocs\inlislite3\vendor\yiisoft\yii2\web\Application.php:96
Stack trace:
#0 C:\xampp\htdocs\inlislite3\vendor\yiisoft\yii2\base\Application.php(375): yii\web\Application->handleRequest(Object(yii\web\Request))
#1 C:\xampp\htdocs\inlislite3\guestbook\web\index.php(18): yii\base\Application->run()
#2 {main}
2023-11-23 09:15:38 [192.168.150.1][-][-][info][application] $_SERVER = [
    'REDIRECT_MIBDIRS' => 'C:/xampp/php/extras/mibs'
    'REDIRECT_MYSQL_HOME' => '\\xampp\\mysql\\bin'
    'REDIRECT_OPENSSL_CONF' => 'C:/xampp/apache/bin/openssl.cnf'
    'REDIRECT_PHP_PEAR_SYSCONF_DIR' => '\\xampp\\php'
    'REDIRECT_PHPRC' => '\\xampp\\php'
    'REDIRECT_TMP' => '\\xampp\\tmp'
    'REDIRECT_STATUS' => '200'
    'MIBDIRS' => 'C:/xampp/php/extras/mibs'
    'MYSQL_HOME' => '\\xampp\\mysql\\bin'
    'OPENSSL_CONF' => 'C:/xampp/apache/bin/openssl.cnf'
    'PHP_PEAR_SYSCONF_DIR' => '\\xampp\\php'
    'PHPRC' => '\\xampp\\php'
    'TMP' => '\\xampp\\tmp'
    'HTTP_HOST' => 'otomasiperpus.smknegeri1garut.sch.id'
    'HTTP_SAVE_DATA' => 'on'
    'HTTP_ACCEPT_ENCODING' => 'gzip, deflate'
    'HTTP_X_FORWARDED_FOR' => '114.5.253.70'
    'HTTP_REFERER' => 'http://otomasiperpus.smknegeri1garut.sch.id/inlislite3/guestbook/web/css/bootstrap.css'
    'HTTP_ACCEPT' => 'text/html,application/xhtml+xml,application/xml;q=0.9,image/webp,image/apng,*/*;q=0.8,application/signed-exchange;v=b3;q=0.9'
    'HTTP_ACCEPT_LANGUAGE' => 'id-ID,id;q=0.9,ja-JP;q=0.8,ja;q=0.7,ko-KR;q=0.6,ko;q=0.5,en-US;q=0.4,en;q=0.3'
    'HTTP_USER_AGENT' => 'Mozilla/5.0 (Linux; U; Android 11; SM-A107F Build/RP1A.200720.012; wv) AppleWebKit/537.36 (KHTML, like Gecko) Version/4.0 Chrome/87.0.4280.141 Mobile Safari/537.36 OPR/71.0.2254.67050'
    'PATH' => 'C:\\Program Files (x86)\\Common Files\\Intel\\Shared Files\\cpp\\bin\\Intel64;C:\\WINDOWS\\system32;C:\\WINDOWS;C:\\WINDOWS\\System32\\Wbem;C:\\WINDOWS\\System32\\WindowsPowerShell\\v1.0\\;C:\\WINDOWS\\System32\\OpenSSH\\;C:\\Program Files\\PuTTY\\;C:\\eRaporSMK2018\\php;C:\\Program Files (x86)\\Microsoft SQL Server\\100\\Tools\\Binn\\;C:\\Program Files\\Microsoft SQL Server\\100\\Tools\\Binn\\;C:\\Program Files\\Microsoft SQL Server\\100\\DTS\\Binn\\;C:\\composer;C:\\Program Files\\Git\\cmd;C:\\Users\\HP\\.jdks\\corretto-17.0.7\\bin;C:\\Users\\HP\\AppData\\Local\\Microsoft\\WindowsApps;C:\\Users\\HP\\AppData\\Local\\Programs\\Microsoft VS Code\\bin;C:\\Users\\HP\\AppData\\Roaming\\Composer\\vendor\\bin;C:\\Users\\HP\\AppData\\Local\\JetBrains\\Toolbox\\scripts'
    'SystemRoot' => 'C:\\WINDOWS'
    'COMSPEC' => 'C:\\WINDOWS\\system32\\cmd.exe'
    'PATHEXT' => '.COM;.EXE;.BAT;.CMD;.VBS;.VBE;.JS;.JSE;.WSF;.WSH;.MSC'
    'WINDIR' => 'C:\\WINDOWS'
    'SERVER_SIGNATURE' => '<address>Apache/2.4.23 (Win32) OpenSSL/1.0.2h PHP/5.6.24 Server at otomasiperpus.smknegeri1garut.sch.id Port 80</address>
'
    'SERVER_SOFTWARE' => 'Apache/2.4.23 (Win32) OpenSSL/1.0.2h PHP/5.6.24'
    'SERVER_NAME' => 'otomasiperpus.smknegeri1garut.sch.id'
    'SERVER_ADDR' => '192.168.150.121'
    'SERVER_PORT' => '80'
    'REMOTE_ADDR' => '192.168.150.1'
    'DOCUMENT_ROOT' => 'C:/xampp/htdocs'
    'REQUEST_SCHEME' => 'http'
    'CONTEXT_PREFIX' => ''
    'CONTEXT_DOCUMENT_ROOT' => 'C:/xampp/htdocs'
    'SERVER_ADMIN' => 'postmaster@localhost'
    'SCRIPT_FILENAME' => 'C:/xampp/htdocs/inlislite3/guestbook/web/index.php'
    'REMOTE_PORT' => '54338'
    'REDIRECT_URL' => '/inlislite3/guestbook/web/fonts/glyphicons-halflings-regular.ttf'
    'GATEWAY_INTERFACE' => 'CGI/1.1'
    'SERVER_PROTOCOL' => 'HTTP/1.1'
    'REQUEST_METHOD' => 'GET'
    'QUERY_STRING' => ''
    'REQUEST_URI' => '/inlislite3/guestbook/web/fonts/glyphicons-halflings-regular.ttf'
    'SCRIPT_NAME' => '/inlislite3/guestbook/web/index.php'
    'PHP_SELF' => '/inlislite3/guestbook/web/index.php'
    'REQUEST_TIME_FLOAT' => 1700705738.139
    'REQUEST_TIME' => 1700705738
]
2023-11-23 15:54:31 [192.168.150.1][-][-][error][yii\web\HttpException:404] exception 'yii\base\InvalidRouteException' with message 'Unable to resolve the request "fonts/glyphicons-halflings-regular.svg".' in C:\xampp\htdocs\inlislite3\vendor\yiisoft\yii2\base\Module.php:460
Stack trace:
#0 C:\xampp\htdocs\inlislite3\vendor\yiisoft\yii2\web\Application.php(84): yii\base\Module->runAction('fonts/glyphicon...', Array)
#1 C:\xampp\htdocs\inlislite3\vendor\yiisoft\yii2\base\Application.php(375): yii\web\Application->handleRequest(Object(yii\web\Request))
#2 C:\xampp\htdocs\inlislite3\guestbook\web\index.php(18): yii\base\Application->run()
#3 {main}

Next exception 'yii\web\NotFoundHttpException' with message 'Halaman tidak ditemukan.' in C:\xampp\htdocs\inlislite3\vendor\yiisoft\yii2\web\Application.php:96
Stack trace:
#0 C:\xampp\htdocs\inlislite3\vendor\yiisoft\yii2\base\Application.php(375): yii\web\Application->handleRequest(Object(yii\web\Request))
#1 C:\xampp\htdocs\inlislite3\guestbook\web\index.php(18): yii\base\Application->run()
#2 {main}
2023-11-23 15:54:31 [192.168.150.1][-][-][info][application] $_SERVER = [
    'REDIRECT_MIBDIRS' => 'C:/xampp/php/extras/mibs'
    'REDIRECT_MYSQL_HOME' => '\\xampp\\mysql\\bin'
    'REDIRECT_OPENSSL_CONF' => 'C:/xampp/apache/bin/openssl.cnf'
    'REDIRECT_PHP_PEAR_SYSCONF_DIR' => '\\xampp\\php'
    'REDIRECT_PHPRC' => '\\xampp\\php'
    'REDIRECT_TMP' => '\\xampp\\tmp'
    'REDIRECT_STATUS' => '200'
    'MIBDIRS' => 'C:/xampp/php/extras/mibs'
    'MYSQL_HOME' => '\\xampp\\mysql\\bin'
    'OPENSSL_CONF' => 'C:/xampp/apache/bin/openssl.cnf'
    'PHP_PEAR_SYSCONF_DIR' => '\\xampp\\php'
    'PHPRC' => '\\xampp\\php'
    'TMP' => '\\xampp\\tmp'
    'HTTP_HOST' => 'otomasiperpus.smknegeri1garut.sch.id'
    'HTTP_X_FORWARDED_FOR' => '114.142.172.50'
    'HTTP_ACCEPT_ENCODING' => 'gzip, deflate'
    'HTTP_ACCEPT_LANGUAGE' => 'id-ID,id;q=0.9,ja-JP;q=0.8,ja;q=0.7,ko-KR;q=0.6,ko;q=0.5,en-US;q=0.4,en;q=0.3'
    'HTTP_SAVE_DATA' => 'on'
    'HTTP_REFERER' => 'http://otomasiperpus.smknegeri1garut.sch.id/inlislite3/guestbook/web/css/bootstrap.css'
    'HTTP_ACCEPT' => 'text/html,application/xhtml+xml,application/xml;q=0.9,image/webp,image/apng,*/*;q=0.8,application/signed-exchange;v=b3;q=0.9'
    'HTTP_USER_AGENT' => 'Mozilla/5.0 (Linux; U; Android 11; SM-A107F Build/RP1A.200720.012; wv) AppleWebKit/537.36 (KHTML, like Gecko) Version/4.0 Chrome/87.0.4280.141 Mobile Safari/537.36 OPR/71.0.2254.67050'
    'PATH' => 'C:\\Program Files (x86)\\Common Files\\Intel\\Shared Files\\cpp\\bin\\Intel64;C:\\WINDOWS\\system32;C:\\WINDOWS;C:\\WINDOWS\\System32\\Wbem;C:\\WINDOWS\\System32\\WindowsPowerShell\\v1.0\\;C:\\WINDOWS\\System32\\OpenSSH\\;C:\\Program Files\\PuTTY\\;C:\\eRaporSMK2018\\php;C:\\Program Files (x86)\\Microsoft SQL Server\\100\\Tools\\Binn\\;C:\\Program Files\\Microsoft SQL Server\\100\\Tools\\Binn\\;C:\\Program Files\\Microsoft SQL Server\\100\\DTS\\Binn\\;C:\\composer;C:\\Program Files\\Git\\cmd;C:\\Users\\HP\\.jdks\\corretto-17.0.7\\bin;C:\\Users\\HP\\AppData\\Local\\Microsoft\\WindowsApps;C:\\Users\\HP\\AppData\\Local\\Programs\\Microsoft VS Code\\bin;C:\\Users\\HP\\AppData\\Roaming\\Composer\\vendor\\bin;C:\\Users\\HP\\AppData\\Local\\JetBrains\\Toolbox\\scripts'
    'SystemRoot' => 'C:\\WINDOWS'
    'COMSPEC' => 'C:\\WINDOWS\\system32\\cmd.exe'
    'PATHEXT' => '.COM;.EXE;.BAT;.CMD;.VBS;.VBE;.JS;.JSE;.WSF;.WSH;.MSC'
    'WINDIR' => 'C:\\WINDOWS'
    'SERVER_SIGNATURE' => '<address>Apache/2.4.23 (Win32) OpenSSL/1.0.2h PHP/5.6.24 Server at otomasiperpus.smknegeri1garut.sch.id Port 80</address>
'
    'SERVER_SOFTWARE' => 'Apache/2.4.23 (Win32) OpenSSL/1.0.2h PHP/5.6.24'
    'SERVER_NAME' => 'otomasiperpus.smknegeri1garut.sch.id'
    'SERVER_ADDR' => '192.168.150.121'
    'SERVER_PORT' => '80'
    'REMOTE_ADDR' => '192.168.150.1'
    'DOCUMENT_ROOT' => 'C:/xampp/htdocs'
    'REQUEST_SCHEME' => 'http'
    'CONTEXT_PREFIX' => ''
    'CONTEXT_DOCUMENT_ROOT' => 'C:/xampp/htdocs'
    'SERVER_ADMIN' => 'postmaster@localhost'
    'SCRIPT_FILENAME' => 'C:/xampp/htdocs/inlislite3/guestbook/web/index.php'
    'REMOTE_PORT' => '33366'
    'REDIRECT_URL' => '/inlislite3/guestbook/web/fonts/glyphicons-halflings-regular.svg'
    'GATEWAY_INTERFACE' => 'CGI/1.1'
    'SERVER_PROTOCOL' => 'HTTP/1.1'
    'REQUEST_METHOD' => 'GET'
    'QUERY_STRING' => ''
    'REQUEST_URI' => '/inlislite3/guestbook/web/fonts/glyphicons-halflings-regular.svg'
    'SCRIPT_NAME' => '/inlislite3/guestbook/web/index.php'
    'PHP_SELF' => '/inlislite3/guestbook/web/index.php'
    'REQUEST_TIME_FLOAT' => 1700729671.486
    'REQUEST_TIME' => 1700729671
]
2023-11-23 15:54:31 [192.168.150.1][-][-][error][yii\web\HttpException:404] exception 'yii\base\InvalidRouteException' with message 'Unable to resolve the request "fonts/glyphicons-halflings-regular.ttf".' in C:\xampp\htdocs\inlislite3\vendor\yiisoft\yii2\base\Module.php:460
Stack trace:
#0 C:\xampp\htdocs\inlislite3\vendor\yiisoft\yii2\web\Application.php(84): yii\base\Module->runAction('fonts/glyphicon...', Array)
#1 C:\xampp\htdocs\inlislite3\vendor\yiisoft\yii2\base\Application.php(375): yii\web\Application->handleRequest(Object(yii\web\Request))
#2 C:\xampp\htdocs\inlislite3\guestbook\web\index.php(18): yii\base\Application->run()
#3 {main}

Next exception 'yii\web\NotFoundHttpException' with message 'Halaman tidak ditemukan.' in C:\xampp\htdocs\inlislite3\vendor\yiisoft\yii2\web\Application.php:96
Stack trace:
#0 C:\xampp\htdocs\inlislite3\vendor\yiisoft\yii2\base\Application.php(375): yii\web\Application->handleRequest(Object(yii\web\Request))
#1 C:\xampp\htdocs\inlislite3\guestbook\web\index.php(18): yii\base\Application->run()
#2 {main}
2023-11-23 15:54:31 [192.168.150.1][-][-][info][application] $_SERVER = [
    'REDIRECT_MIBDIRS' => 'C:/xampp/php/extras/mibs'
    'REDIRECT_MYSQL_HOME' => '\\xampp\\mysql\\bin'
    'REDIRECT_OPENSSL_CONF' => 'C:/xampp/apache/bin/openssl.cnf'
    'REDIRECT_PHP_PEAR_SYSCONF_DIR' => '\\xampp\\php'
    'REDIRECT_PHPRC' => '\\xampp\\php'
    'REDIRECT_TMP' => '\\xampp\\tmp'
    'REDIRECT_STATUS' => '200'
    'MIBDIRS' => 'C:/xampp/php/extras/mibs'
    'MYSQL_HOME' => '\\xampp\\mysql\\bin'
    'OPENSSL_CONF' => 'C:/xampp/apache/bin/openssl.cnf'
    'PHP_PEAR_SYSCONF_DIR' => '\\xampp\\php'
    'PHPRC' => '\\xampp\\php'
    'TMP' => '\\xampp\\tmp'
    'HTTP_HOST' => 'otomasiperpus.smknegeri1garut.sch.id'
    'HTTP_X_FORWARDED_FOR' => '114.142.172.50'
    'HTTP_ACCEPT_ENCODING' => 'gzip, deflate'
    'HTTP_ACCEPT_LANGUAGE' => 'id-ID,id;q=0.9,ja-JP;q=0.8,ja;q=0.7,ko-KR;q=0.6,ko;q=0.5,en-US;q=0.4,en;q=0.3'
    'HTTP_SAVE_DATA' => 'on'
    'HTTP_REFERER' => 'http://otomasiperpus.smknegeri1garut.sch.id/inlislite3/guestbook/web/css/bootstrap.css'
    'HTTP_ACCEPT' => 'text/html,application/xhtml+xml,application/xml;q=0.9,image/webp,image/apng,*/*;q=0.8,application/signed-exchange;v=b3;q=0.9'
    'HTTP_USER_AGENT' => 'Mozilla/5.0 (Linux; U; Android 11; SM-A107F Build/RP1A.200720.012; wv) AppleWebKit/537.36 (KHTML, like Gecko) Version/4.0 Chrome/87.0.4280.141 Mobile Safari/537.36 OPR/71.0.2254.67050'
    'PATH' => 'C:\\Program Files (x86)\\Common Files\\Intel\\Shared Files\\cpp\\bin\\Intel64;C:\\WINDOWS\\system32;C:\\WINDOWS;C:\\WINDOWS\\System32\\Wbem;C:\\WINDOWS\\System32\\WindowsPowerShell\\v1.0\\;C:\\WINDOWS\\System32\\OpenSSH\\;C:\\Program Files\\PuTTY\\;C:\\eRaporSMK2018\\php;C:\\Program Files (x86)\\Microsoft SQL Server\\100\\Tools\\Binn\\;C:\\Program Files\\Microsoft SQL Server\\100\\Tools\\Binn\\;C:\\Program Files\\Microsoft SQL Server\\100\\DTS\\Binn\\;C:\\composer;C:\\Program Files\\Git\\cmd;C:\\Users\\HP\\.jdks\\corretto-17.0.7\\bin;C:\\Users\\HP\\AppData\\Local\\Microsoft\\WindowsApps;C:\\Users\\HP\\AppData\\Local\\Programs\\Microsoft VS Code\\bin;C:\\Users\\HP\\AppData\\Roaming\\Composer\\vendor\\bin;C:\\Users\\HP\\AppData\\Local\\JetBrains\\Toolbox\\scripts'
    'SystemRoot' => 'C:\\WINDOWS'
    'COMSPEC' => 'C:\\WINDOWS\\system32\\cmd.exe'
    'PATHEXT' => '.COM;.EXE;.BAT;.CMD;.VBS;.VBE;.JS;.JSE;.WSF;.WSH;.MSC'
    'WINDIR' => 'C:\\WINDOWS'
    'SERVER_SIGNATURE' => '<address>Apache/2.4.23 (Win32) OpenSSL/1.0.2h PHP/5.6.24 Server at otomasiperpus.smknegeri1garut.sch.id Port 80</address>
'
    'SERVER_SOFTWARE' => 'Apache/2.4.23 (Win32) OpenSSL/1.0.2h PHP/5.6.24'
    'SERVER_NAME' => 'otomasiperpus.smknegeri1garut.sch.id'
    'SERVER_ADDR' => '192.168.150.121'
    'SERVER_PORT' => '80'
    'REMOTE_ADDR' => '192.168.150.1'
    'DOCUMENT_ROOT' => 'C:/xampp/htdocs'
    'REQUEST_SCHEME' => 'http'
    'CONTEXT_PREFIX' => ''
    'CONTEXT_DOCUMENT_ROOT' => 'C:/xampp/htdocs'
    'SERVER_ADMIN' => 'postmaster@localhost'
    'SCRIPT_FILENAME' => 'C:/xampp/htdocs/inlislite3/guestbook/web/index.php'
    'REMOTE_PORT' => '33364'
    'REDIRECT_URL' => '/inlislite3/guestbook/web/fonts/glyphicons-halflings-regular.ttf'
    'GATEWAY_INTERFACE' => 'CGI/1.1'
    'SERVER_PROTOCOL' => 'HTTP/1.1'
    'REQUEST_METHOD' => 'GET'
    'QUERY_STRING' => ''
    'REQUEST_URI' => '/inlislite3/guestbook/web/fonts/glyphicons-halflings-regular.ttf'
    'SCRIPT_NAME' => '/inlislite3/guestbook/web/index.php'
    'PHP_SELF' => '/inlislite3/guestbook/web/index.php'
    'REQUEST_TIME_FLOAT' => 1700729671.486
    'REQUEST_TIME' => 1700729671
]
2023-11-23 15:54:31 [192.168.150.1][-][-][error][yii\web\HttpException:404] exception 'yii\base\InvalidRouteException' with message 'Unable to resolve the request "img/boxed-bg.jpg".' in C:\xampp\htdocs\inlislite3\vendor\yiisoft\yii2\base\Module.php:460
Stack trace:
#0 C:\xampp\htdocs\inlislite3\vendor\yiisoft\yii2\web\Application.php(84): yii\base\Module->runAction('img/boxed-bg.jp...', Array)
#1 C:\xampp\htdocs\inlislite3\vendor\yiisoft\yii2\base\Application.php(375): yii\web\Application->handleRequest(Object(yii\web\Request))
#2 C:\xampp\htdocs\inlislite3\guestbook\web\index.php(18): yii\base\Application->run()
#3 {main}

Next exception 'yii\web\NotFoundHttpException' with message 'Halaman tidak ditemukan.' in C:\xampp\htdocs\inlislite3\vendor\yiisoft\yii2\web\Application.php:96
Stack trace:
#0 C:\xampp\htdocs\inlislite3\vendor\yiisoft\yii2\base\Application.php(375): yii\web\Application->handleRequest(Object(yii\web\Request))
#1 C:\xampp\htdocs\inlislite3\guestbook\web\index.php(18): yii\base\Application->run()
#2 {main}
2023-11-23 15:54:31 [192.168.150.1][-][-][info][application] $_SERVER = [
    'REDIRECT_MIBDIRS' => 'C:/xampp/php/extras/mibs'
    'REDIRECT_MYSQL_HOME' => '\\xampp\\mysql\\bin'
    'REDIRECT_OPENSSL_CONF' => 'C:/xampp/apache/bin/openssl.cnf'
    'REDIRECT_PHP_PEAR_SYSCONF_DIR' => '\\xampp\\php'
    'REDIRECT_PHPRC' => '\\xampp\\php'
    'REDIRECT_TMP' => '\\xampp\\tmp'
    'REDIRECT_STATUS' => '200'
    'MIBDIRS' => 'C:/xampp/php/extras/mibs'
    'MYSQL_HOME' => '\\xampp\\mysql\\bin'
    'OPENSSL_CONF' => 'C:/xampp/apache/bin/openssl.cnf'
    'PHP_PEAR_SYSCONF_DIR' => '\\xampp\\php'
    'PHPRC' => '\\xampp\\php'
    'TMP' => '\\xampp\\tmp'
    'HTTP_HOST' => 'otomasiperpus.smknegeri1garut.sch.id'
    'HTTP_X_FORWARDED_FOR' => '114.142.172.50'
    'HTTP_ACCEPT_ENCODING' => 'gzip, deflate'
    'HTTP_ACCEPT_LANGUAGE' => 'id-ID,id;q=0.9,ja-JP;q=0.8,ja;q=0.7,ko-KR;q=0.6,ko;q=0.5,en-US;q=0.4,en;q=0.3'
    'HTTP_SAVE_DATA' => 'on'
    'HTTP_REFERER' => 'http://otomasiperpus.smknegeri1garut.sch.id/inlislite3/guestbook/web/css/AdminLTE.css'
    'HTTP_ACCEPT' => 'text/html,application/xhtml+xml,application/xml;q=0.9,image/webp,image/apng,*/*;q=0.8,application/signed-exchange;v=b3;q=0.9'
    'HTTP_USER_AGENT' => 'Mozilla/5.0 (Linux; U; Android 11; SM-A107F Build/RP1A.200720.012; wv) AppleWebKit/537.36 (KHTML, like Gecko) Version/4.0 Chrome/87.0.4280.141 Mobile Safari/537.36 OPR/71.0.2254.67050'
    'PATH' => 'C:\\Program Files (x86)\\Common Files\\Intel\\Shared Files\\cpp\\bin\\Intel64;C:\\WINDOWS\\system32;C:\\WINDOWS;C:\\WINDOWS\\System32\\Wbem;C:\\WINDOWS\\System32\\WindowsPowerShell\\v1.0\\;C:\\WINDOWS\\System32\\OpenSSH\\;C:\\Program Files\\PuTTY\\;C:\\eRaporSMK2018\\php;C:\\Program Files (x86)\\Microsoft SQL Server\\100\\Tools\\Binn\\;C:\\Program Files\\Microsoft SQL Server\\100\\Tools\\Binn\\;C:\\Program Files\\Microsoft SQL Server\\100\\DTS\\Binn\\;C:\\composer;C:\\Program Files\\Git\\cmd;C:\\Users\\HP\\.jdks\\corretto-17.0.7\\bin;C:\\Users\\HP\\AppData\\Local\\Microsoft\\WindowsApps;C:\\Users\\HP\\AppData\\Local\\Programs\\Microsoft VS Code\\bin;C:\\Users\\HP\\AppData\\Roaming\\Composer\\vendor\\bin;C:\\Users\\HP\\AppData\\Local\\JetBrains\\Toolbox\\scripts'
    'SystemRoot' => 'C:\\WINDOWS'
    'COMSPEC' => 'C:\\WINDOWS\\system32\\cmd.exe'
    'PATHEXT' => '.COM;.EXE;.BAT;.CMD;.VBS;.VBE;.JS;.JSE;.WSF;.WSH;.MSC'
    'WINDIR' => 'C:\\WINDOWS'
    'SERVER_SIGNATURE' => '<address>Apache/2.4.23 (Win32) OpenSSL/1.0.2h PHP/5.6.24 Server at otomasiperpus.smknegeri1garut.sch.id Port 80</address>
'
    'SERVER_SOFTWARE' => 'Apache/2.4.23 (Win32) OpenSSL/1.0.2h PHP/5.6.24'
    'SERVER_NAME' => 'otomasiperpus.smknegeri1garut.sch.id'
    'SERVER_ADDR' => '192.168.150.121'
    'SERVER_PORT' => '80'
    'REMOTE_ADDR' => '192.168.150.1'
    'DOCUMENT_ROOT' => 'C:/xampp/htdocs'
    'REQUEST_SCHEME' => 'http'
    'CONTEXT_PREFIX' => ''
    'CONTEXT_DOCUMENT_ROOT' => 'C:/xampp/htdocs'
    'SERVER_ADMIN' => 'postmaster@localhost'
    'SCRIPT_FILENAME' => 'C:/xampp/htdocs/inlislite3/guestbook/web/index.php'
    'REMOTE_PORT' => '33472'
    'REDIRECT_URL' => '/inlislite3/guestbook/web/img/boxed-bg.jpg'
    'GATEWAY_INTERFACE' => 'CGI/1.1'
    'SERVER_PROTOCOL' => 'HTTP/1.1'
    'REQUEST_METHOD' => 'GET'
    'QUERY_STRING' => ''
    'REQUEST_URI' => '/inlislite3/guestbook/web/img/boxed-bg.jpg'
    'SCRIPT_NAME' => '/inlislite3/guestbook/web/index.php'
    'PHP_SELF' => '/inlislite3/guestbook/web/index.php'
    'REQUEST_TIME_FLOAT' => 1700729671.638
    'REQUEST_TIME' => 1700729671
]
2023-11-30 15:43:18 [192.168.150.1][-][-][error][yii\web\HttpException:404] exception 'yii\base\InvalidRouteException' with message 'Unable to resolve the request "fonts/glyphicons-halflings-regular.svg".' in C:\xampp\htdocs\inlislite3\vendor\yiisoft\yii2\base\Module.php:460
Stack trace:
#0 C:\xampp\htdocs\inlislite3\vendor\yiisoft\yii2\web\Application.php(84): yii\base\Module->runAction('fonts/glyphicon...', Array)
#1 C:\xampp\htdocs\inlislite3\vendor\yiisoft\yii2\base\Application.php(375): yii\web\Application->handleRequest(Object(yii\web\Request))
#2 C:\xampp\htdocs\inlislite3\guestbook\web\index.php(18): yii\base\Application->run()
#3 {main}

Next exception 'yii\web\NotFoundHttpException' with message 'Halaman tidak ditemukan.' in C:\xampp\htdocs\inlislite3\vendor\yiisoft\yii2\web\Application.php:96
Stack trace:
#0 C:\xampp\htdocs\inlislite3\vendor\yiisoft\yii2\base\Application.php(375): yii\web\Application->handleRequest(Object(yii\web\Request))
#1 C:\xampp\htdocs\inlislite3\guestbook\web\index.php(18): yii\base\Application->run()
#2 {main}
2023-11-30 15:43:18 [192.168.150.1][-][-][info][application] $_COOKIE = [
    'PHPSESSID' => '5vt301crivne08uk1s1ev200f1'
    '_csrf' => '34bd31fa1e36aa4ab56fe7a1e45f50917ee2466daa1120abefa8c02b8b48d66ba:2:{i:0;s:5:\"_csrf\";i:1;s:32:\"WS-r8I-yTtNjnIrdkUiiGi6bdCf4cn3Y\";}'
]

$_SERVER = [
    'REDIRECT_MIBDIRS' => 'C:/xampp/php/extras/mibs'
    'REDIRECT_MYSQL_HOME' => '\\xampp\\mysql\\bin'
    'REDIRECT_OPENSSL_CONF' => 'C:/xampp/apache/bin/openssl.cnf'
    'REDIRECT_PHP_PEAR_SYSCONF_DIR' => '\\xampp\\php'
    'REDIRECT_PHPRC' => '\\xampp\\php'
    'REDIRECT_TMP' => '\\xampp\\tmp'
    'REDIRECT_STATUS' => '200'
    'MIBDIRS' => 'C:/xampp/php/extras/mibs'
    'MYSQL_HOME' => '\\xampp\\mysql\\bin'
    'OPENSSL_CONF' => 'C:/xampp/apache/bin/openssl.cnf'
    'PHP_PEAR_SYSCONF_DIR' => '\\xampp\\php'
    'PHPRC' => '\\xampp\\php'
    'TMP' => '\\xampp\\tmp'
    'HTTP_HOST' => 'elearning.smknegeri1garut.sch.id'
    'HTTP_ACCEPT_LANGUAGE' => 'id-ID,id;q=0.9,ja-JP;q=0.8,ja;q=0.7,ko-KR;q=0.6,ko;q=0.5,en-US;q=0.4,en;q=0.3'
    'HTTP_COOKIE' => 'PHPSESSID=5vt301crivne08uk1s1ev200f1;_csrf=34bd31fa1e36aa4ab56fe7a1e45f50917ee2466daa1120abefa8c02b8b48d66ba%3A2%3A%7Bi%3A0%3Bs%3A5%3A%22_csrf%22%3Bi%3A1%3Bs%3A32%3A%22WS-r8I-yTtNjnIrdkUiiGi6bdCf4cn3Y%22%3B%7D'
    'HTTP_ACCEPT' => 'text/html,application/xhtml+xml,application/xml;q=0.9,image/webp,image/apng,*/*;q=0.8,application/signed-exchange;v=b3;q=0.9'
    'HTTP_ACCEPT_ENCODING' => 'gzip, deflate'
    'HTTP_USER_AGENT' => 'Mozilla/5.0 (Linux; U; Android 11; SM-A107F Build/RP1A.200720.012; wv) AppleWebKit/537.36 (KHTML, like Gecko) Version/4.0 Chrome/87.0.4280.141 Mobile Safari/537.36 OPR/71.0.2254.67050'
    'HTTP_SAVE_DATA' => 'on'
    'HTTP_REFERER' => 'http://elearning.smknegeri1garut.sch.id/inlislite3/guestbook/web/css/bootstrap.css'
    'HTTP_X_FORWARDED_FOR' => '116.206.14.23'
    'PATH' => 'C:\\Program Files (x86)\\Common Files\\Intel\\Shared Files\\cpp\\bin\\Intel64;C:\\WINDOWS\\system32;C:\\WINDOWS;C:\\WINDOWS\\System32\\Wbem;C:\\WINDOWS\\System32\\WindowsPowerShell\\v1.0\\;C:\\WINDOWS\\System32\\OpenSSH\\;C:\\Program Files\\PuTTY\\;C:\\eRaporSMK2018\\php;C:\\Program Files (x86)\\Microsoft SQL Server\\100\\Tools\\Binn\\;C:\\Program Files\\Microsoft SQL Server\\100\\Tools\\Binn\\;C:\\Program Files\\Microsoft SQL Server\\100\\DTS\\Binn\\;C:\\composer;C:\\Program Files\\Git\\cmd;C:\\Users\\HP\\.jdks\\corretto-17.0.7\\bin;C:\\Users\\HP\\AppData\\Local\\Microsoft\\WindowsApps;C:\\Users\\HP\\AppData\\Local\\Programs\\Microsoft VS Code\\bin;C:\\Users\\HP\\AppData\\Roaming\\Composer\\vendor\\bin;C:\\Users\\HP\\AppData\\Local\\JetBrains\\Toolbox\\scripts'
    'SystemRoot' => 'C:\\WINDOWS'
    'COMSPEC' => 'C:\\WINDOWS\\system32\\cmd.exe'
    'PATHEXT' => '.COM;.EXE;.BAT;.CMD;.VBS;.VBE;.JS;.JSE;.WSF;.WSH;.MSC'
    'WINDIR' => 'C:\\WINDOWS'
    'SERVER_SIGNATURE' => '<address>Apache/2.4.23 (Win32) OpenSSL/1.0.2h PHP/5.6.24 Server at elearning.smknegeri1garut.sch.id Port 80</address>
'
    'SERVER_SOFTWARE' => 'Apache/2.4.23 (Win32) OpenSSL/1.0.2h PHP/5.6.24'
    'SERVER_NAME' => 'elearning.smknegeri1garut.sch.id'
    'SERVER_ADDR' => '192.168.150.121'
    'SERVER_PORT' => '80'
    'REMOTE_ADDR' => '192.168.150.1'
    'DOCUMENT_ROOT' => 'C:/xampp/htdocs'
    'REQUEST_SCHEME' => 'http'
    'CONTEXT_PREFIX' => ''
    'CONTEXT_DOCUMENT_ROOT' => 'C:/xampp/htdocs'
    'SERVER_ADMIN' => 'postmaster@localhost'
    'SCRIPT_FILENAME' => 'C:/xampp/htdocs/inlislite3/guestbook/web/index.php'
    'REMOTE_PORT' => '39402'
    'REDIRECT_URL' => '/inlislite3/guestbook/web/fonts/glyphicons-halflings-regular.svg'
    'GATEWAY_INTERFACE' => 'CGI/1.1'
    'SERVER_PROTOCOL' => 'HTTP/1.1'
    'REQUEST_METHOD' => 'GET'
    'QUERY_STRING' => ''
    'REQUEST_URI' => '/inlislite3/guestbook/web/fonts/glyphicons-halflings-regular.svg'
    'SCRIPT_NAME' => '/inlislite3/guestbook/web/index.php'
    'PHP_SELF' => '/inlislite3/guestbook/web/index.php'
    'REQUEST_TIME_FLOAT' => 1701333798.429
    'REQUEST_TIME' => 1701333798
]
2023-11-30 15:43:18 [192.168.150.1][-][-][error][yii\web\HttpException:404] exception 'yii\base\InvalidRouteException' with message 'Unable to resolve the request "img/boxed-bg.jpg".' in C:\xampp\htdocs\inlislite3\vendor\yiisoft\yii2\base\Module.php:460
Stack trace:
#0 C:\xampp\htdocs\inlislite3\vendor\yiisoft\yii2\web\Application.php(84): yii\base\Module->runAction('img/boxed-bg.jp...', Array)
#1 C:\xampp\htdocs\inlislite3\vendor\yiisoft\yii2\base\Application.php(375): yii\web\Application->handleRequest(Object(yii\web\Request))
#2 C:\xampp\htdocs\inlislite3\guestbook\web\index.php(18): yii\base\Application->run()
#3 {main}

Next exception 'yii\web\NotFoundHttpException' with message 'Halaman tidak ditemukan.' in C:\xampp\htdocs\inlislite3\vendor\yiisoft\yii2\web\Application.php:96
Stack trace:
#0 C:\xampp\htdocs\inlislite3\vendor\yiisoft\yii2\base\Application.php(375): yii\web\Application->handleRequest(Object(yii\web\Request))
#1 C:\xampp\htdocs\inlislite3\guestbook\web\index.php(18): yii\base\Application->run()
#2 {main}
2023-11-30 15:43:18 [192.168.150.1][-][-][info][application] $_COOKIE = [
    'PHPSESSID' => '5vt301crivne08uk1s1ev200f1'
    '_csrf' => '34bd31fa1e36aa4ab56fe7a1e45f50917ee2466daa1120abefa8c02b8b48d66ba:2:{i:0;s:5:\"_csrf\";i:1;s:32:\"WS-r8I-yTtNjnIrdkUiiGi6bdCf4cn3Y\";}'
]

$_SERVER = [
    'REDIRECT_MIBDIRS' => 'C:/xampp/php/extras/mibs'
    'REDIRECT_MYSQL_HOME' => '\\xampp\\mysql\\bin'
    'REDIRECT_OPENSSL_CONF' => 'C:/xampp/apache/bin/openssl.cnf'
    'REDIRECT_PHP_PEAR_SYSCONF_DIR' => '\\xampp\\php'
    'REDIRECT_PHPRC' => '\\xampp\\php'
    'REDIRECT_TMP' => '\\xampp\\tmp'
    'REDIRECT_STATUS' => '200'
    'MIBDIRS' => 'C:/xampp/php/extras/mibs'
    'MYSQL_HOME' => '\\xampp\\mysql\\bin'
    'OPENSSL_CONF' => 'C:/xampp/apache/bin/openssl.cnf'
    'PHP_PEAR_SYSCONF_DIR' => '\\xampp\\php'
    'PHPRC' => '\\xampp\\php'
    'TMP' => '\\xampp\\tmp'
    'HTTP_HOST' => 'elearning.smknegeri1garut.sch.id'
    'HTTP_ACCEPT_LANGUAGE' => 'id-ID,id;q=0.9,ja-JP;q=0.8,ja;q=0.7,ko-KR;q=0.6,ko;q=0.5,en-US;q=0.4,en;q=0.3'
    'HTTP_COOKIE' => 'PHPSESSID=5vt301crivne08uk1s1ev200f1;_csrf=34bd31fa1e36aa4ab56fe7a1e45f50917ee2466daa1120abefa8c02b8b48d66ba%3A2%3A%7Bi%3A0%3Bs%3A5%3A%22_csrf%22%3Bi%3A1%3Bs%3A32%3A%22WS-r8I-yTtNjnIrdkUiiGi6bdCf4cn3Y%22%3B%7D'
    'HTTP_ACCEPT' => 'text/html,application/xhtml+xml,application/xml;q=0.9,image/webp,image/apng,*/*;q=0.8,application/signed-exchange;v=b3;q=0.9'
    'HTTP_ACCEPT_ENCODING' => 'gzip, deflate'
    'HTTP_USER_AGENT' => 'Mozilla/5.0 (Linux; U; Android 11; SM-A107F Build/RP1A.200720.012; wv) AppleWebKit/537.36 (KHTML, like Gecko) Version/4.0 Chrome/87.0.4280.141 Mobile Safari/537.36 OPR/71.0.2254.67050'
    'HTTP_SAVE_DATA' => 'on'
    'HTTP_REFERER' => 'http://elearning.smknegeri1garut.sch.id/inlislite3/guestbook/web/css/AdminLTE.css'
    'HTTP_X_FORWARDED_FOR' => '116.206.14.23'
    'PATH' => 'C:\\Program Files (x86)\\Common Files\\Intel\\Shared Files\\cpp\\bin\\Intel64;C:\\WINDOWS\\system32;C:\\WINDOWS;C:\\WINDOWS\\System32\\Wbem;C:\\WINDOWS\\System32\\WindowsPowerShell\\v1.0\\;C:\\WINDOWS\\System32\\OpenSSH\\;C:\\Program Files\\PuTTY\\;C:\\eRaporSMK2018\\php;C:\\Program Files (x86)\\Microsoft SQL Server\\100\\Tools\\Binn\\;C:\\Program Files\\Microsoft SQL Server\\100\\Tools\\Binn\\;C:\\Program Files\\Microsoft SQL Server\\100\\DTS\\Binn\\;C:\\composer;C:\\Program Files\\Git\\cmd;C:\\Users\\HP\\.jdks\\corretto-17.0.7\\bin;C:\\Users\\HP\\AppData\\Local\\Microsoft\\WindowsApps;C:\\Users\\HP\\AppData\\Local\\Programs\\Microsoft VS Code\\bin;C:\\Users\\HP\\AppData\\Roaming\\Composer\\vendor\\bin;C:\\Users\\HP\\AppData\\Local\\JetBrains\\Toolbox\\scripts'
    'SystemRoot' => 'C:\\WINDOWS'
    'COMSPEC' => 'C:\\WINDOWS\\system32\\cmd.exe'
    'PATHEXT' => '.COM;.EXE;.BAT;.CMD;.VBS;.VBE;.JS;.JSE;.WSF;.WSH;.MSC'
    'WINDIR' => 'C:\\WINDOWS'
    'SERVER_SIGNATURE' => '<address>Apache/2.4.23 (Win32) OpenSSL/1.0.2h PHP/5.6.24 Server at elearning.smknegeri1garut.sch.id Port 80</address>
'
    'SERVER_SOFTWARE' => 'Apache/2.4.23 (Win32) OpenSSL/1.0.2h PHP/5.6.24'
    'SERVER_NAME' => 'elearning.smknegeri1garut.sch.id'
    'SERVER_ADDR' => '192.168.150.121'
    'SERVER_PORT' => '80'
    'REMOTE_ADDR' => '192.168.150.1'
    'DOCUMENT_ROOT' => 'C:/xampp/htdocs'
    'REQUEST_SCHEME' => 'http'
    'CONTEXT_PREFIX' => ''
    'CONTEXT_DOCUMENT_ROOT' => 'C:/xampp/htdocs'
    'SERVER_ADMIN' => 'postmaster@localhost'
    'SCRIPT_FILENAME' => 'C:/xampp/htdocs/inlislite3/guestbook/web/index.php'
    'REMOTE_PORT' => '39426'
    'REDIRECT_URL' => '/inlislite3/guestbook/web/img/boxed-bg.jpg'
    'GATEWAY_INTERFACE' => 'CGI/1.1'
    'SERVER_PROTOCOL' => 'HTTP/1.1'
    'REQUEST_METHOD' => 'GET'
    'QUERY_STRING' => ''
    'REQUEST_URI' => '/inlislite3/guestbook/web/img/boxed-bg.jpg'
    'SCRIPT_NAME' => '/inlislite3/guestbook/web/index.php'
    'PHP_SELF' => '/inlislite3/guestbook/web/index.php'
    'REQUEST_TIME_FLOAT' => 1701333798.429
    'REQUEST_TIME' => 1701333798
]
2023-11-30 15:43:18 [192.168.150.1][-][-][error][yii\web\HttpException:404] exception 'yii\base\InvalidRouteException' with message 'Unable to resolve the request "fonts/glyphicons-halflings-regular.ttf".' in C:\xampp\htdocs\inlislite3\vendor\yiisoft\yii2\base\Module.php:460
Stack trace:
#0 C:\xampp\htdocs\inlislite3\vendor\yiisoft\yii2\web\Application.php(84): yii\base\Module->runAction('fonts/glyphicon...', Array)
#1 C:\xampp\htdocs\inlislite3\vendor\yiisoft\yii2\base\Application.php(375): yii\web\Application->handleRequest(Object(yii\web\Request))
#2 C:\xampp\htdocs\inlislite3\guestbook\web\index.php(18): yii\base\Application->run()
#3 {main}

Next exception 'yii\web\NotFoundHttpException' with message 'Halaman tidak ditemukan.' in C:\xampp\htdocs\inlislite3\vendor\yiisoft\yii2\web\Application.php:96
Stack trace:
#0 C:\xampp\htdocs\inlislite3\vendor\yiisoft\yii2\base\Application.php(375): yii\web\Application->handleRequest(Object(yii\web\Request))
#1 C:\xampp\htdocs\inlislite3\guestbook\web\index.php(18): yii\base\Application->run()
#2 {main}
2023-11-30 15:43:18 [192.168.150.1][-][-][info][application] $_COOKIE = [
    'PHPSESSID' => '5vt301crivne08uk1s1ev200f1'
    '_csrf' => '34bd31fa1e36aa4ab56fe7a1e45f50917ee2466daa1120abefa8c02b8b48d66ba:2:{i:0;s:5:\"_csrf\";i:1;s:32:\"WS-r8I-yTtNjnIrdkUiiGi6bdCf4cn3Y\";}'
]

$_SERVER = [
    'REDIRECT_MIBDIRS' => 'C:/xampp/php/extras/mibs'
    'REDIRECT_MYSQL_HOME' => '\\xampp\\mysql\\bin'
    'REDIRECT_OPENSSL_CONF' => 'C:/xampp/apache/bin/openssl.cnf'
    'REDIRECT_PHP_PEAR_SYSCONF_DIR' => '\\xampp\\php'
    'REDIRECT_PHPRC' => '\\xampp\\php'
    'REDIRECT_TMP' => '\\xampp\\tmp'
    'REDIRECT_STATUS' => '200'
    'MIBDIRS' => 'C:/xampp/php/extras/mibs'
    'MYSQL_HOME' => '\\xampp\\mysql\\bin'
    'OPENSSL_CONF' => 'C:/xampp/apache/bin/openssl.cnf'
    'PHP_PEAR_SYSCONF_DIR' => '\\xampp\\php'
    'PHPRC' => '\\xampp\\php'
    'TMP' => '\\xampp\\tmp'
    'HTTP_HOST' => 'elearning.smknegeri1garut.sch.id'
    'HTTP_ACCEPT_LANGUAGE' => 'id-ID,id;q=0.9,ja-JP;q=0.8,ja;q=0.7,ko-KR;q=0.6,ko;q=0.5,en-US;q=0.4,en;q=0.3'
    'HTTP_COOKIE' => 'PHPSESSID=5vt301crivne08uk1s1ev200f1;_csrf=34bd31fa1e36aa4ab56fe7a1e45f50917ee2466daa1120abefa8c02b8b48d66ba%3A2%3A%7Bi%3A0%3Bs%3A5%3A%22_csrf%22%3Bi%3A1%3Bs%3A32%3A%22WS-r8I-yTtNjnIrdkUiiGi6bdCf4cn3Y%22%3B%7D'
    'HTTP_ACCEPT' => 'text/html,application/xhtml+xml,application/xml;q=0.9,image/webp,image/apng,*/*;q=0.8,application/signed-exchange;v=b3;q=0.9'
    'HTTP_ACCEPT_ENCODING' => 'gzip, deflate'
    'HTTP_USER_AGENT' => 'Mozilla/5.0 (Linux; U; Android 11; SM-A107F Build/RP1A.200720.012; wv) AppleWebKit/537.36 (KHTML, like Gecko) Version/4.0 Chrome/87.0.4280.141 Mobile Safari/537.36 OPR/71.0.2254.67050'
    'HTTP_SAVE_DATA' => 'on'
    'HTTP_REFERER' => 'http://elearning.smknegeri1garut.sch.id/inlislite3/guestbook/web/css/bootstrap.css'
    'HTTP_X_FORWARDED_FOR' => '116.206.14.23'
    'PATH' => 'C:\\Program Files (x86)\\Common Files\\Intel\\Shared Files\\cpp\\bin\\Intel64;C:\\WINDOWS\\system32;C:\\WINDOWS;C:\\WINDOWS\\System32\\Wbem;C:\\WINDOWS\\System32\\WindowsPowerShell\\v1.0\\;C:\\WINDOWS\\System32\\OpenSSH\\;C:\\Program Files\\PuTTY\\;C:\\eRaporSMK2018\\php;C:\\Program Files (x86)\\Microsoft SQL Server\\100\\Tools\\Binn\\;C:\\Program Files\\Microsoft SQL Server\\100\\Tools\\Binn\\;C:\\Program Files\\Microsoft SQL Server\\100\\DTS\\Binn\\;C:\\composer;C:\\Program Files\\Git\\cmd;C:\\Users\\HP\\.jdks\\corretto-17.0.7\\bin;C:\\Users\\HP\\AppData\\Local\\Microsoft\\WindowsApps;C:\\Users\\HP\\AppData\\Local\\Programs\\Microsoft VS Code\\bin;C:\\Users\\HP\\AppData\\Roaming\\Composer\\vendor\\bin;C:\\Users\\HP\\AppData\\Local\\JetBrains\\Toolbox\\scripts'
    'SystemRoot' => 'C:\\WINDOWS'
    'COMSPEC' => 'C:\\WINDOWS\\system32\\cmd.exe'
    'PATHEXT' => '.COM;.EXE;.BAT;.CMD;.VBS;.VBE;.JS;.JSE;.WSF;.WSH;.MSC'
    'WINDIR' => 'C:\\WINDOWS'
    'SERVER_SIGNATURE' => '<address>Apache/2.4.23 (Win32) OpenSSL/1.0.2h PHP/5.6.24 Server at elearning.smknegeri1garut.sch.id Port 80</address>
'
    'SERVER_SOFTWARE' => 'Apache/2.4.23 (Win32) OpenSSL/1.0.2h PHP/5.6.24'
    'SERVER_NAME' => 'elearning.smknegeri1garut.sch.id'
    'SERVER_ADDR' => '192.168.150.121'
    'SERVER_PORT' => '80'
    'REMOTE_ADDR' => '192.168.150.1'
    'DOCUMENT_ROOT' => 'C:/xampp/htdocs'
    'REQUEST_SCHEME' => 'http'
    'CONTEXT_PREFIX' => ''
    'CONTEXT_DOCUMENT_ROOT' => 'C:/xampp/htdocs'
    'SERVER_ADMIN' => 'postmaster@localhost'
    'SCRIPT_FILENAME' => 'C:/xampp/htdocs/inlislite3/guestbook/web/index.php'
    'REMOTE_PORT' => '39394'
    'REDIRECT_URL' => '/inlislite3/guestbook/web/fonts/glyphicons-halflings-regular.ttf'
    'GATEWAY_INTERFACE' => 'CGI/1.1'
    'SERVER_PROTOCOL' => 'HTTP/1.1'
    'REQUEST_METHOD' => 'GET'
    'QUERY_STRING' => ''
    'REQUEST_URI' => '/inlislite3/guestbook/web/fonts/glyphicons-halflings-regular.ttf'
    'SCRIPT_NAME' => '/inlislite3/guestbook/web/index.php'
    'PHP_SELF' => '/inlislite3/guestbook/web/index.php'
    'REQUEST_TIME_FLOAT' => 1701333798.429
    'REQUEST_TIME' => 1701333798
]
2023-11-30 15:43:23 [192.168.150.1][-][-][error][yii\web\HttpException:404] exception 'yii\base\InvalidRouteException' with message 'Unable to resolve the request "fonts/glyphicons-halflings-regular.svg".' in C:\xampp\htdocs\inlislite3\vendor\yiisoft\yii2\base\Module.php:460
Stack trace:
#0 C:\xampp\htdocs\inlislite3\vendor\yiisoft\yii2\web\Application.php(84): yii\base\Module->runAction('fonts/glyphicon...', Array)
#1 C:\xampp\htdocs\inlislite3\vendor\yiisoft\yii2\base\Application.php(375): yii\web\Application->handleRequest(Object(yii\web\Request))
#2 C:\xampp\htdocs\inlislite3\guestbook\web\index.php(18): yii\base\Application->run()
#3 {main}

Next exception 'yii\web\NotFoundHttpException' with message 'Halaman tidak ditemukan.' in C:\xampp\htdocs\inlislite3\vendor\yiisoft\yii2\web\Application.php:96
Stack trace:
#0 C:\xampp\htdocs\inlislite3\vendor\yiisoft\yii2\base\Application.php(375): yii\web\Application->handleRequest(Object(yii\web\Request))
#1 C:\xampp\htdocs\inlislite3\guestbook\web\index.php(18): yii\base\Application->run()
#2 {main}
2023-11-30 15:43:23 [192.168.150.1][-][-][info][application] $_COOKIE = [
    'PHPSESSID' => '5vt301crivne08uk1s1ev200f1'
    '_csrf' => '34bd31fa1e36aa4ab56fe7a1e45f50917ee2466daa1120abefa8c02b8b48d66ba:2:{i:0;s:5:\"_csrf\";i:1;s:32:\"WS-r8I-yTtNjnIrdkUiiGi6bdCf4cn3Y\";}'
]

$_SERVER = [
    'REDIRECT_MIBDIRS' => 'C:/xampp/php/extras/mibs'
    'REDIRECT_MYSQL_HOME' => '\\xampp\\mysql\\bin'
    'REDIRECT_OPENSSL_CONF' => 'C:/xampp/apache/bin/openssl.cnf'
    'REDIRECT_PHP_PEAR_SYSCONF_DIR' => '\\xampp\\php'
    'REDIRECT_PHPRC' => '\\xampp\\php'
    'REDIRECT_TMP' => '\\xampp\\tmp'
    'REDIRECT_STATUS' => '200'
    'MIBDIRS' => 'C:/xampp/php/extras/mibs'
    'MYSQL_HOME' => '\\xampp\\mysql\\bin'
    'OPENSSL_CONF' => 'C:/xampp/apache/bin/openssl.cnf'
    'PHP_PEAR_SYSCONF_DIR' => '\\xampp\\php'
    'PHPRC' => '\\xampp\\php'
    'TMP' => '\\xampp\\tmp'
    'HTTP_HOST' => 'elearning.smknegeri1garut.sch.id'
    'HTTP_ACCEPT_LANGUAGE' => 'id-ID,id;q=0.9,ja-JP;q=0.8,ja;q=0.7,ko-KR;q=0.6,ko;q=0.5,en-US;q=0.4,en;q=0.3'
    'HTTP_COOKIE' => 'PHPSESSID=5vt301crivne08uk1s1ev200f1;_csrf=34bd31fa1e36aa4ab56fe7a1e45f50917ee2466daa1120abefa8c02b8b48d66ba%3A2%3A%7Bi%3A0%3Bs%3A5%3A%22_csrf%22%3Bi%3A1%3Bs%3A32%3A%22WS-r8I-yTtNjnIrdkUiiGi6bdCf4cn3Y%22%3B%7D'
    'HTTP_ACCEPT' => 'text/html,application/xhtml+xml,application/xml;q=0.9,image/webp,image/apng,*/*;q=0.8,application/signed-exchange;v=b3;q=0.9'
    'HTTP_ACCEPT_ENCODING' => 'gzip, deflate'
    'HTTP_USER_AGENT' => 'Mozilla/5.0 (Linux; U; Android 11; SM-A107F Build/RP1A.200720.012; wv) AppleWebKit/537.36 (KHTML, like Gecko) Version/4.0 Chrome/87.0.4280.141 Mobile Safari/537.36 OPR/71.0.2254.67050'
    'HTTP_SAVE_DATA' => 'on'
    'HTTP_REFERER' => 'http://elearning.smknegeri1garut.sch.id/inlislite3/guestbook/web/css/bootstrap.css'
    'HTTP_X_FORWARDED_FOR' => '116.206.14.23'
    'PATH' => 'C:\\Program Files (x86)\\Common Files\\Intel\\Shared Files\\cpp\\bin\\Intel64;C:\\WINDOWS\\system32;C:\\WINDOWS;C:\\WINDOWS\\System32\\Wbem;C:\\WINDOWS\\System32\\WindowsPowerShell\\v1.0\\;C:\\WINDOWS\\System32\\OpenSSH\\;C:\\Program Files\\PuTTY\\;C:\\eRaporSMK2018\\php;C:\\Program Files (x86)\\Microsoft SQL Server\\100\\Tools\\Binn\\;C:\\Program Files\\Microsoft SQL Server\\100\\Tools\\Binn\\;C:\\Program Files\\Microsoft SQL Server\\100\\DTS\\Binn\\;C:\\composer;C:\\Program Files\\Git\\cmd;C:\\Users\\HP\\.jdks\\corretto-17.0.7\\bin;C:\\Users\\HP\\AppData\\Local\\Microsoft\\WindowsApps;C:\\Users\\HP\\AppData\\Local\\Programs\\Microsoft VS Code\\bin;C:\\Users\\HP\\AppData\\Roaming\\Composer\\vendor\\bin;C:\\Users\\HP\\AppData\\Local\\JetBrains\\Toolbox\\scripts'
    'SystemRoot' => 'C:\\WINDOWS'
    'COMSPEC' => 'C:\\WINDOWS\\system32\\cmd.exe'
    'PATHEXT' => '.COM;.EXE;.BAT;.CMD;.VBS;.VBE;.JS;.JSE;.WSF;.WSH;.MSC'
    'WINDIR' => 'C:\\WINDOWS'
    'SERVER_SIGNATURE' => '<address>Apache/2.4.23 (Win32) OpenSSL/1.0.2h PHP/5.6.24 Server at elearning.smknegeri1garut.sch.id Port 80</address>
'
    'SERVER_SOFTWARE' => 'Apache/2.4.23 (Win32) OpenSSL/1.0.2h PHP/5.6.24'
    'SERVER_NAME' => 'elearning.smknegeri1garut.sch.id'
    'SERVER_ADDR' => '192.168.150.121'
    'SERVER_PORT' => '80'
    'REMOTE_ADDR' => '192.168.150.1'
    'DOCUMENT_ROOT' => 'C:/xampp/htdocs'
    'REQUEST_SCHEME' => 'http'
    'CONTEXT_PREFIX' => ''
    'CONTEXT_DOCUMENT_ROOT' => 'C:/xampp/htdocs'
    'SERVER_ADMIN' => 'postmaster@localhost'
    'SCRIPT_FILENAME' => 'C:/xampp/htdocs/inlislite3/guestbook/web/index.php'
    'REMOTE_PORT' => '39950'
    'REDIRECT_URL' => '/inlislite3/guestbook/web/fonts/glyphicons-halflings-regular.svg'
    'GATEWAY_INTERFACE' => 'CGI/1.1'
    'SERVER_PROTOCOL' => 'HTTP/1.1'
    'REQUEST_METHOD' => 'GET'
    'QUERY_STRING' => ''
    'REQUEST_URI' => '/inlislite3/guestbook/web/fonts/glyphicons-halflings-regular.svg'
    'SCRIPT_NAME' => '/inlislite3/guestbook/web/index.php'
    'PHP_SELF' => '/inlislite3/guestbook/web/index.php'
    'REQUEST_TIME_FLOAT' => 1701333803.303
    'REQUEST_TIME' => 1701333803
]
2023-11-30 15:43:23 [192.168.150.1][-][-][error][yii\web\HttpException:404] exception 'yii\base\InvalidRouteException' with message 'Unable to resolve the request "img/boxed-bg.jpg".' in C:\xampp\htdocs\inlislite3\vendor\yiisoft\yii2\base\Module.php:460
Stack trace:
#0 C:\xampp\htdocs\inlislite3\vendor\yiisoft\yii2\web\Application.php(84): yii\base\Module->runAction('img/boxed-bg.jp...', Array)
#1 C:\xampp\htdocs\inlislite3\vendor\yiisoft\yii2\base\Application.php(375): yii\web\Application->handleRequest(Object(yii\web\Request))
#2 C:\xampp\htdocs\inlislite3\guestbook\web\index.php(18): yii\base\Application->run()
#3 {main}

Next exception 'yii\web\NotFoundHttpException' with message 'Halaman tidak ditemukan.' in C:\xampp\htdocs\inlislite3\vendor\yiisoft\yii2\web\Application.php:96
Stack trace:
#0 C:\xampp\htdocs\inlislite3\vendor\yiisoft\yii2\base\Application.php(375): yii\web\Application->handleRequest(Object(yii\web\Request))
#1 C:\xampp\htdocs\inlislite3\guestbook\web\index.php(18): yii\base\Application->run()
#2 {main}
2023-11-30 15:43:23 [192.168.150.1][-][-][info][application] $_COOKIE = [
    'PHPSESSID' => '5vt301crivne08uk1s1ev200f1'
    '_csrf' => '34bd31fa1e36aa4ab56fe7a1e45f50917ee2466daa1120abefa8c02b8b48d66ba:2:{i:0;s:5:\"_csrf\";i:1;s:32:\"WS-r8I-yTtNjnIrdkUiiGi6bdCf4cn3Y\";}'
]

$_SERVER = [
    'REDIRECT_MIBDIRS' => 'C:/xampp/php/extras/mibs'
    'REDIRECT_MYSQL_HOME' => '\\xampp\\mysql\\bin'
    'REDIRECT_OPENSSL_CONF' => 'C:/xampp/apache/bin/openssl.cnf'
    'REDIRECT_PHP_PEAR_SYSCONF_DIR' => '\\xampp\\php'
    'REDIRECT_PHPRC' => '\\xampp\\php'
    'REDIRECT_TMP' => '\\xampp\\tmp'
    'REDIRECT_STATUS' => '200'
    'MIBDIRS' => 'C:/xampp/php/extras/mibs'
    'MYSQL_HOME' => '\\xampp\\mysql\\bin'
    'OPENSSL_CONF' => 'C:/xampp/apache/bin/openssl.cnf'
    'PHP_PEAR_SYSCONF_DIR' => '\\xampp\\php'
    'PHPRC' => '\\xampp\\php'
    'TMP' => '\\xampp\\tmp'
    'HTTP_HOST' => 'elearning.smknegeri1garut.sch.id'
    'HTTP_ACCEPT_LANGUAGE' => 'id-ID,id;q=0.9,ja-JP;q=0.8,ja;q=0.7,ko-KR;q=0.6,ko;q=0.5,en-US;q=0.4,en;q=0.3'
    'HTTP_COOKIE' => 'PHPSESSID=5vt301crivne08uk1s1ev200f1;_csrf=34bd31fa1e36aa4ab56fe7a1e45f50917ee2466daa1120abefa8c02b8b48d66ba%3A2%3A%7Bi%3A0%3Bs%3A5%3A%22_csrf%22%3Bi%3A1%3Bs%3A32%3A%22WS-r8I-yTtNjnIrdkUiiGi6bdCf4cn3Y%22%3B%7D'
    'HTTP_ACCEPT' => 'text/html,application/xhtml+xml,application/xml;q=0.9,image/webp,image/apng,*/*;q=0.8,application/signed-exchange;v=b3;q=0.9'
    'HTTP_ACCEPT_ENCODING' => 'gzip, deflate'
    'HTTP_USER_AGENT' => 'Mozilla/5.0 (Linux; U; Android 11; SM-A107F Build/RP1A.200720.012; wv) AppleWebKit/537.36 (KHTML, like Gecko) Version/4.0 Chrome/87.0.4280.141 Mobile Safari/537.36 OPR/71.0.2254.67050'
    'HTTP_SAVE_DATA' => 'on'
    'HTTP_REFERER' => 'http://elearning.smknegeri1garut.sch.id/inlislite3/guestbook/web/css/AdminLTE.css'
    'HTTP_X_FORWARDED_FOR' => '116.206.14.23'
    'PATH' => 'C:\\Program Files (x86)\\Common Files\\Intel\\Shared Files\\cpp\\bin\\Intel64;C:\\WINDOWS\\system32;C:\\WINDOWS;C:\\WINDOWS\\System32\\Wbem;C:\\WINDOWS\\System32\\WindowsPowerShell\\v1.0\\;C:\\WINDOWS\\System32\\OpenSSH\\;C:\\Program Files\\PuTTY\\;C:\\eRaporSMK2018\\php;C:\\Program Files (x86)\\Microsoft SQL Server\\100\\Tools\\Binn\\;C:\\Program Files\\Microsoft SQL Server\\100\\Tools\\Binn\\;C:\\Program Files\\Microsoft SQL Server\\100\\DTS\\Binn\\;C:\\composer;C:\\Program Files\\Git\\cmd;C:\\Users\\HP\\.jdks\\corretto-17.0.7\\bin;C:\\Users\\HP\\AppData\\Local\\Microsoft\\WindowsApps;C:\\Users\\HP\\AppData\\Local\\Programs\\Microsoft VS Code\\bin;C:\\Users\\HP\\AppData\\Roaming\\Composer\\vendor\\bin;C:\\Users\\HP\\AppData\\Local\\JetBrains\\Toolbox\\scripts'
    'SystemRoot' => 'C:\\WINDOWS'
    'COMSPEC' => 'C:\\WINDOWS\\system32\\cmd.exe'
    'PATHEXT' => '.COM;.EXE;.BAT;.CMD;.VBS;.VBE;.JS;.JSE;.WSF;.WSH;.MSC'
    'WINDIR' => 'C:\\WINDOWS'
    'SERVER_SIGNATURE' => '<address>Apache/2.4.23 (Win32) OpenSSL/1.0.2h PHP/5.6.24 Server at elearning.smknegeri1garut.sch.id Port 80</address>
'
    'SERVER_SOFTWARE' => 'Apache/2.4.23 (Win32) OpenSSL/1.0.2h PHP/5.6.24'
    'SERVER_NAME' => 'elearning.smknegeri1garut.sch.id'
    'SERVER_ADDR' => '192.168.150.121'
    'SERVER_PORT' => '80'
    'REMOTE_ADDR' => '192.168.150.1'
    'DOCUMENT_ROOT' => 'C:/xampp/htdocs'
    'REQUEST_SCHEME' => 'http'
    'CONTEXT_PREFIX' => ''
    'CONTEXT_DOCUMENT_ROOT' => 'C:/xampp/htdocs'
    'SERVER_ADMIN' => 'postmaster@localhost'
    'SCRIPT_FILENAME' => 'C:/xampp/htdocs/inlislite3/guestbook/web/index.php'
    'REMOTE_PORT' => '40014'
    'REDIRECT_URL' => '/inlislite3/guestbook/web/img/boxed-bg.jpg'
    'GATEWAY_INTERFACE' => 'CGI/1.1'
    'SERVER_PROTOCOL' => 'HTTP/1.1'
    'REQUEST_METHOD' => 'GET'
    'QUERY_STRING' => ''
    'REQUEST_URI' => '/inlislite3/guestbook/web/img/boxed-bg.jpg'
    'SCRIPT_NAME' => '/inlislite3/guestbook/web/index.php'
    'PHP_SELF' => '/inlislite3/guestbook/web/index.php'
    'REQUEST_TIME_FLOAT' => 1701333803.303
    'REQUEST_TIME' => 1701333803
]
2023-11-30 15:43:23 [192.168.150.1][-][-][error][yii\web\HttpException:404] exception 'yii\base\InvalidRouteException' with message 'Unable to resolve the request "fonts/glyphicons-halflings-regular.ttf".' in C:\xampp\htdocs\inlislite3\vendor\yiisoft\yii2\base\Module.php:460
Stack trace:
#0 C:\xampp\htdocs\inlislite3\vendor\yiisoft\yii2\web\Application.php(84): yii\base\Module->runAction('fonts/glyphicon...', Array)
#1 C:\xampp\htdocs\inlislite3\vendor\yiisoft\yii2\base\Application.php(375): yii\web\Application->handleRequest(Object(yii\web\Request))
#2 C:\xampp\htdocs\inlislite3\guestbook\web\index.php(18): yii\base\Application->run()
#3 {main}

Next exception 'yii\web\NotFoundHttpException' with message 'Halaman tidak ditemukan.' in C:\xampp\htdocs\inlislite3\vendor\yiisoft\yii2\web\Application.php:96
Stack trace:
#0 C:\xampp\htdocs\inlislite3\vendor\yiisoft\yii2\base\Application.php(375): yii\web\Application->handleRequest(Object(yii\web\Request))
#1 C:\xampp\htdocs\inlislite3\guestbook\web\index.php(18): yii\base\Application->run()
#2 {main}
2023-11-30 15:43:23 [192.168.150.1][-][-][info][application] $_COOKIE = [
    'PHPSESSID' => '5vt301crivne08uk1s1ev200f1'
    '_csrf' => '34bd31fa1e36aa4ab56fe7a1e45f50917ee2466daa1120abefa8c02b8b48d66ba:2:{i:0;s:5:\"_csrf\";i:1;s:32:\"WS-r8I-yTtNjnIrdkUiiGi6bdCf4cn3Y\";}'
]

$_SERVER = [
    'REDIRECT_MIBDIRS' => 'C:/xampp/php/extras/mibs'
    'REDIRECT_MYSQL_HOME' => '\\xampp\\mysql\\bin'
    'REDIRECT_OPENSSL_CONF' => 'C:/xampp/apache/bin/openssl.cnf'
    'REDIRECT_PHP_PEAR_SYSCONF_DIR' => '\\xampp\\php'
    'REDIRECT_PHPRC' => '\\xampp\\php'
    'REDIRECT_TMP' => '\\xampp\\tmp'
    'REDIRECT_STATUS' => '200'
    'MIBDIRS' => 'C:/xampp/php/extras/mibs'
    'MYSQL_HOME' => '\\xampp\\mysql\\bin'
    'OPENSSL_CONF' => 'C:/xampp/apache/bin/openssl.cnf'
    'PHP_PEAR_SYSCONF_DIR' => '\\xampp\\php'
    'PHPRC' => '\\xampp\\php'
    'TMP' => '\\xampp\\tmp'
    'HTTP_HOST' => 'elearning.smknegeri1garut.sch.id'
    'HTTP_ACCEPT_LANGUAGE' => 'id-ID,id;q=0.9,ja-JP;q=0.8,ja;q=0.7,ko-KR;q=0.6,ko;q=0.5,en-US;q=0.4,en;q=0.3'
    'HTTP_COOKIE' => 'PHPSESSID=5vt301crivne08uk1s1ev200f1;_csrf=34bd31fa1e36aa4ab56fe7a1e45f50917ee2466daa1120abefa8c02b8b48d66ba%3A2%3A%7Bi%3A0%3Bs%3A5%3A%22_csrf%22%3Bi%3A1%3Bs%3A32%3A%22WS-r8I-yTtNjnIrdkUiiGi6bdCf4cn3Y%22%3B%7D'
    'HTTP_ACCEPT' => 'text/html,application/xhtml+xml,application/xml;q=0.9,image/webp,image/apng,*/*;q=0.8,application/signed-exchange;v=b3;q=0.9'
    'HTTP_ACCEPT_ENCODING' => 'gzip, deflate'
    'HTTP_USER_AGENT' => 'Mozilla/5.0 (Linux; U; Android 11; SM-A107F Build/RP1A.200720.012; wv) AppleWebKit/537.36 (KHTML, like Gecko) Version/4.0 Chrome/87.0.4280.141 Mobile Safari/537.36 OPR/71.0.2254.67050'
    'HTTP_SAVE_DATA' => 'on'
    'HTTP_REFERER' => 'http://elearning.smknegeri1garut.sch.id/inlislite3/guestbook/web/css/bootstrap.css'
    'HTTP_X_FORWARDED_FOR' => '116.206.14.23'
    'PATH' => 'C:\\Program Files (x86)\\Common Files\\Intel\\Shared Files\\cpp\\bin\\Intel64;C:\\WINDOWS\\system32;C:\\WINDOWS;C:\\WINDOWS\\System32\\Wbem;C:\\WINDOWS\\System32\\WindowsPowerShell\\v1.0\\;C:\\WINDOWS\\System32\\OpenSSH\\;C:\\Program Files\\PuTTY\\;C:\\eRaporSMK2018\\php;C:\\Program Files (x86)\\Microsoft SQL Server\\100\\Tools\\Binn\\;C:\\Program Files\\Microsoft SQL Server\\100\\Tools\\Binn\\;C:\\Program Files\\Microsoft SQL Server\\100\\DTS\\Binn\\;C:\\composer;C:\\Program Files\\Git\\cmd;C:\\Users\\HP\\.jdks\\corretto-17.0.7\\bin;C:\\Users\\HP\\AppData\\Local\\Microsoft\\WindowsApps;C:\\Users\\HP\\AppData\\Local\\Programs\\Microsoft VS Code\\bin;C:\\Users\\HP\\AppData\\Roaming\\Composer\\vendor\\bin;C:\\Users\\HP\\AppData\\Local\\JetBrains\\Toolbox\\scripts'
    'SystemRoot' => 'C:\\WINDOWS'
    'COMSPEC' => 'C:\\WINDOWS\\system32\\cmd.exe'
    'PATHEXT' => '.COM;.EXE;.BAT;.CMD;.VBS;.VBE;.JS;.JSE;.WSF;.WSH;.MSC'
    'WINDIR' => 'C:\\WINDOWS'
    'SERVER_SIGNATURE' => '<address>Apache/2.4.23 (Win32) OpenSSL/1.0.2h PHP/5.6.24 Server at elearning.smknegeri1garut.sch.id Port 80</address>
'
    'SERVER_SOFTWARE' => 'Apache/2.4.23 (Win32) OpenSSL/1.0.2h PHP/5.6.24'
    'SERVER_NAME' => 'elearning.smknegeri1garut.sch.id'
    'SERVER_ADDR' => '192.168.150.121'
    'SERVER_PORT' => '80'
    'REMOTE_ADDR' => '192.168.150.1'
    'DOCUMENT_ROOT' => 'C:/xampp/htdocs'
    'REQUEST_SCHEME' => 'http'
    'CONTEXT_PREFIX' => ''
    'CONTEXT_DOCUMENT_ROOT' => 'C:/xampp/htdocs'
    'SERVER_ADMIN' => 'postmaster@localhost'
    'SCRIPT_FILENAME' => 'C:/xampp/htdocs/inlislite3/guestbook/web/index.php'
    'REMOTE_PORT' => '39942'
    'REDIRECT_URL' => '/inlislite3/guestbook/web/fonts/glyphicons-halflings-regular.ttf'
    'GATEWAY_INTERFACE' => 'CGI/1.1'
    'SERVER_PROTOCOL' => 'HTTP/1.1'
    'REQUEST_METHOD' => 'GET'
    'QUERY_STRING' => ''
    'REQUEST_URI' => '/inlislite3/guestbook/web/fonts/glyphicons-halflings-regular.ttf'
    'SCRIPT_NAME' => '/inlislite3/guestbook/web/index.php'
    'PHP_SELF' => '/inlislite3/guestbook/web/index.php'
    'REQUEST_TIME_FLOAT' => 1701333803.303
    'REQUEST_TIME' => 1701333803
]
